25.11.2021, 20:42:23 - INFO - Server is running on port: 3030
25.11.2021, 20:43:25 - INFO - Server is running on port: 3030
25.11.2021, 20:45:33 - INFO - Server is running on port: 3030
25.11.2021, 20:46:02 - INFO - Server is running on port: 3030
25.11.2021, 20:50:31 - INFO - Server is running on port: 3030
25.11.2021, 20:51:31 - INFO - Server is running on port: 3030
25.11.2021, 20:51:58 - INFO - Server is running on port: 3030
25.11.2021, 20:52:07 - INFO - Server is running on port: 3030
25.11.2021, 20:52:19 - INFO - Server is running on port: 3030
25.11.2021, 20:52:33 - INFO - Server is running on port: 3030
25.11.2021, 20:53:53 - INFO - Server is running on port: 3030
25.11.2021, 20:53:57 - INFO - Server is running on port: 3030
25.11.2021, 21:06:50 - INFO - Server is running on port: 3000
25.11.2021, 21:06:51 - INFO - Req!!!
25.11.2021, 21:08:28 - INFO - Server is running on port: 3000
25.11.2021, 21:08:35 - INFO - Req!!!
25.11.2021, 21:08:49 - INFO - Req!!!
25.11.2021, 21:08:51 - INFO - Req!!!
25.11.2021, 21:08:59 - INFO - Server is running on port: 3000
25.11.2021, 21:09:01 - INFO - Req!!!
25.11.2021, 21:09:29 - INFO - Server is running on port: 3000
25.11.2021, 21:09:33 - INFO - Req!!!
25.11.2021, 21:09:39 - INFO - Server is running on port: 3000
25.11.2021, 21:09:40 - INFO - Req!!!
25.11.2021, 21:09:45 - INFO - Req!!!
25.11.2021, 21:10:49 - INFO - Server is running on port: 3000
25.11.2021, 21:10:51 - INFO - Server is running on port: 3000
25.11.2021, 21:10:55 - INFO - Req!!!
25.11.2021, 21:11:03 - INFO - Server is running on port: 3000
25.11.2021, 21:11:07 - INFO - Server is running on port: 3000
25.11.2021, 21:11:11 - INFO - Server is running on port: 3000
25.11.2021, 21:11:14 - INFO - Req!!!
25.11.2021, 21:11:27 - INFO - Server is running on port: 3000
25.11.2021, 21:11:31 - INFO - Server is running on port: 3000
25.11.2021, 21:11:32 - INFO - Server is running on port: 3000
25.11.2021, 21:11:37 - INFO - Req!!!
25.11.2021, 21:13:10 - INFO - Server is running on port: 3030
25.11.2021, 21:13:33 - INFO - Server is running on port: 3000
25.11.2021, 21:13:35 - INFO - Req!!!
25.11.2021, 21:14:17 - INFO - Server is running on port: 3000
25.11.2021, 21:14:19 - INFO - Server is running on port: 3000
25.11.2021, 21:15:44 - INFO - Server is running on port: 3000
25.11.2021, 21:16:01 - INFO - Server is running on port: 3000
25.11.2021, 21:16:10 - INFO - Req!!!
25.11.2021, 21:18:18 - INFO - Server is running on port: 3000
25.11.2021, 21:18:48 - INFO - Server is running on port: 3000
25.11.2021, 21:18:50 - INFO - Server is running on port: 3000
25.11.2021, 21:18:51 - INFO - Server is running on port: 3000
25.11.2021, 21:18:56 - INFO - Server is running on port: 3000
25.11.2021, 21:18:57 - INFO - Server is running on port: 3000
25.11.2021, 21:18:58 - INFO - Server is running on port: 3000
25.11.2021, 21:18:59 - INFO - Server is running on port: 3000
25.11.2021, 21:19:01 - INFO - Server is running on port: 3000
25.11.2021, 21:19:14 - INFO - Req!!!
25.11.2021, 21:19:36 - INFO - Server is running on port: 3000
25.11.2021, 21:19:37 - INFO - Server is running on port: 3000
25.11.2021, 21:19:41 - INFO - Server is running on port: 3000
25.11.2021, 21:19:47 - INFO - Req!!!
25.11.2021, 21:20:11 - INFO - Server is running on port: 3000
25.11.2021, 21:20:12 - INFO - Server is running on port: 3000
25.11.2021, 21:20:15 - INFO - Req!!!
25.11.2021, 21:26:07 - INFO - Req!!!
25.11.2021, 21:26:10 - INFO - Req!!!
25.11.2021, 21:26:38 - INFO - Req!!!
25.11.2021, 21:27:52 - INFO - Req!!!
25.11.2021, 21:27:54 - INFO - Req!!!
25.11.2021, 21:27:55 - INFO - Req!!!
25.11.2021, 21:28:01 - INFO - Req!!!
25.11.2021, 21:28:37 - INFO - Req!!!
25.11.2021, 21:28:40 - INFO - Req!!!
25.11.2021, 21:28:45 - INFO - Req!!!
25.11.2021, 21:28:48 - INFO - Req!!!
25.11.2021, 21:31:46 - INFO - Req!!!
25.11.2021, 21:36:47 - INFO - Server is running on port: 3000
25.11.2021, 21:36:51 - INFO - Server is running on port: 3000
25.11.2021, 21:36:52 - INFO - Server is running on port: 3000
25.11.2021, 21:36:54 - INFO - Server is running on port: 3000
25.11.2021, 21:36:58 - INFO - Server is running on port: 3000
25.11.2021, 21:36:59 - INFO - Server is running on port: 3000
25.11.2021, 21:37:02 - INFO - Server is running on port: 3000
25.11.2021, 21:37:10 - INFO - Server is running on port: 3000
25.11.2021, 21:37:17 - INFO - Server is running on port: 3000
25.11.2021, 21:49:48 - INFO - Server is running on port: 3000
25.11.2021, 21:50:03 - INFO - Server is running on port: 3000
25.11.2021, 21:56:08 - INFO - Server is running on port: 3000
25.11.2021, 21:58:57 - INFO - Req!!!
25.11.2021, 22:01:02 - INFO - Server is running on port: 3000
25.11.2021, 22:01:04 - INFO - Server is running on port: 3000
25.11.2021, 22:01:09 - INFO - Server is running on port: 3000
25.11.2021, 22:01:15 - INFO - Server is running on port: 3000
25.11.2021, 22:01:19 - INFO - Server is running on port: 3000
25.11.2021, 22:02:14 - INFO - Server is running on port: 3000
25.11.2021, 22:05:07 - INFO - Server is running on port: 3000
25.11.2021, 22:05:09 - INFO - Server is running on port: 3000
25.11.2021, 22:05:10 - INFO - Server is running on port: 3000
25.11.2021, 22:05:25 - INFO - Server is running on port: 3000
25.11.2021, 22:05:28 - INFO - Server is running on port: 3000
25.11.2021, 22:05:43 - INFO - Server is running on port: 3000
25.11.2021, 22:05:43 - INFO - Server is running on port: 3000
25.11.2021, 22:05:45 - INFO - Server is running on port: 3000
25.11.2021, 22:05:46 - INFO - Server is running on port: 3000
25.11.2021, 22:05:49 - INFO - Server is running on port: 3000
25.11.2021, 22:05:50 - INFO - Server is running on port: 3000
25.11.2021, 22:05:51 - INFO - Server is running on port: 3000
25.11.2021, 22:06:06 - INFO - Server is running on port: 3000
25.11.2021, 22:06:10 - INFO - Server is running on port: 3000
25.11.2021, 22:06:11 - INFO - Server is running on port: 3000
25.11.2021, 22:06:13 - INFO - Server is running on port: 3000
25.11.2021, 22:06:14 - INFO - Server is running on port: 3000
25.11.2021, 22:06:16 - INFO - Server is running on port: 3000
25.11.2021, 22:09:14 - INFO - Server is running on port: 3000
25.11.2021, 22:09:35 - INFO - Server is running on port: 3000
25.11.2021, 22:24:11 - INFO - Req!!!
25.11.2021, 22:24:26 - INFO - Server is running on port: 3000
25.11.2021, 22:24:51 - INFO - Req!!!
25.11.2021, 22:39:27 - INFO - Server is running on port: 3000
25.11.2021, 22:41:42 - INFO - Server is running on port: 3000
25.11.2021, 22:41:46 - INFO - Server is running on port: 3000
25.11.2021, 22:43:02 - INFO - Req!!!
25.11.2021, 22:44:53 - INFO - Server is running on port: 3000
25.11.2021, 22:44:55 - INFO - Server is running on port: 3000
25.11.2021, 22:44:56 - INFO - Server is running on port: 3000
25.11.2021, 22:44:57 - INFO - Server is running on port: 3000
25.11.2021, 22:44:59 - INFO - Server is running on port: 3000
25.11.2021, 22:45:08 - INFO - Server is running on port: 3000
25.11.2021, 22:45:14 - INFO - Server is running on port: 3000
25.11.2021, 22:45:15 - INFO - Server is running on port: 3000
25.11.2021, 22:45:26 - INFO - Req!!!
25.11.2021, 22:47:04 - INFO - Req!!!
25.11.2021, 22:47:06 - INFO - Req!!!
25.11.2021, 22:47:07 - INFO - Req!!!
25.11.2021, 22:47:09 - INFO - Req!!!
25.11.2021, 22:47:11 - INFO - Req!!!
25.11.2021, 22:47:39 - INFO - Req!!!
25.11.2021, 22:47:47 - INFO - Req!!!
25.11.2021, 22:47:49 - INFO - Req!!!
25.11.2021, 22:47:50 - INFO - Req!!!
25.11.2021, 22:47:52 - INFO - Req!!!
25.11.2021, 22:47:53 - INFO - Req!!!
25.11.2021, 22:47:56 - INFO - Req!!!
25.11.2021, 22:47:59 - INFO - Req!!!
25.11.2021, 22:48:01 - INFO - Req!!!
25.11.2021, 22:48:04 - INFO - Req!!!
25.11.2021, 22:48:12 - INFO - Req!!!
25.11.2021, 22:49:16 - INFO - Req!!!
25.11.2021, 22:49:33 - INFO - Req!!!
25.11.2021, 22:49:36 - INFO - Req!!!
25.11.2021, 22:49:41 - INFO - Req!!!
25.11.2021, 22:49:44 - INFO - Req!!!
25.11.2021, 22:52:28 - INFO - Req!!!
25.11.2021, 22:52:47 - INFO - Req!!!
25.11.2021, 22:52:47 - INFO - Req!!!
25.11.2021, 22:53:04 - INFO - Req!!!
25.11.2021, 22:53:04 - INFO - Req!!!
25.11.2021, 22:53:08 - INFO - Req!!!
25.11.2021, 22:53:08 - INFO - Req!!!
25.11.2021, 22:53:11 - INFO - Req!!!
25.11.2021, 22:53:11 - INFO - Req!!!
25.11.2021, 22:53:46 - INFO - Req!!!
25.11.2021, 22:53:46 - INFO - Req!!!
25.11.2021, 22:53:58 - INFO - Req!!!
25.11.2021, 22:53:58 - INFO - Req!!!
25.11.2021, 22:54:12 - INFO - Req!!!
25.11.2021, 22:54:12 - INFO - Req!!!
25.11.2021, 22:59:54 - INFO - Req!!!
25.11.2021, 22:59:54 - INFO - Req!!!
25.11.2021, 23:00:33 - ERROR - while finding toy 76wcB | {}
25.11.2021, 23:00:33 - ERROR - Failed to get toy | {}
25.11.2021, 23:00:35 - INFO - Req!!!
25.11.2021, 23:00:35 - INFO - Req!!!
25.11.2021, 23:00:37 - INFO - Req!!!
25.11.2021, 23:00:37 - INFO - Req!!!
25.11.2021, 23:00:40 - ERROR - while finding toy 76wcB | {}
25.11.2021, 23:00:40 - ERROR - Failed to get toy | {}
25.11.2021, 23:00:58 - INFO - Server is running on port: 3000
25.11.2021, 23:00:59 - INFO - Server is running on port: 3000
25.11.2021, 23:01:01 - INFO - Server is running on port: 3000
25.11.2021, 23:01:02 - INFO - Server is running on port: 3000
25.11.2021, 23:01:04 - INFO - Server is running on port: 3000
25.11.2021, 23:01:05 - INFO - Server is running on port: 3000
25.11.2021, 23:01:09 - INFO - Req!!!
25.11.2021, 23:01:09 - INFO - Req!!!
25.11.2021, 23:01:11 - ERROR - while finding toy 76wcB | {}
25.11.2021, 23:01:11 - ERROR - Failed to get toy | {}
25.11.2021, 23:01:26 - INFO - Server is running on port: 3000
25.11.2021, 23:01:27 - INFO - Server is running on port: 3000
25.11.2021, 23:01:28 - INFO - Server is running on port: 3000
25.11.2021, 23:01:30 - INFO - Server is running on port: 3000
25.11.2021, 23:01:32 - INFO - Server is running on port: 3000
25.11.2021, 23:01:33 - INFO - Server is running on port: 3000
25.11.2021, 23:01:35 - INFO - Server is running on port: 3000
25.11.2021, 23:01:36 - INFO - Server is running on port: 3000
25.11.2021, 23:01:38 - INFO - Req!!!
25.11.2021, 23:01:41 - INFO - Req!!!
25.11.2021, 23:01:41 - INFO - Req!!!
25.11.2021, 23:01:42 - ERROR - while finding toy 76wcB | {}
25.11.2021, 23:01:42 - ERROR - Failed to get toy | {}
25.11.2021, 23:02:07 - INFO - Server is running on port: 3000
25.11.2021, 23:02:11 - INFO - Server is running on port: 3000
25.11.2021, 23:02:14 - INFO - Server is running on port: 3000
25.11.2021, 23:02:17 - ERROR - while finding toy 76wcB | {}
25.11.2021, 23:02:17 - ERROR - Failed to get toy | {}
25.11.2021, 23:02:18 - INFO - Req!!!
25.11.2021, 23:02:18 - INFO - Req!!!
25.11.2021, 23:02:19 - INFO - Req!!!
25.11.2021, 23:02:20 - INFO - Req!!!
25.11.2021, 23:02:25 - ERROR - while finding toy 76wcB | {}
25.11.2021, 23:02:25 - ERROR - Failed to get toy | {}
25.11.2021, 23:04:00 - INFO - Server is running on port: 3000
25.11.2021, 23:04:02 - ERROR - while finding toy 76wcB | {}
25.11.2021, 23:04:02 - ERROR - Failed to get toy | {}
25.11.2021, 23:04:04 - INFO - Req!!!
25.11.2021, 23:04:04 - INFO - Req!!!
25.11.2021, 23:04:05 - INFO - Req!!!
25.11.2021, 23:04:05 - INFO - Req!!!
25.11.2021, 23:04:06 - ERROR - while finding toy 76wcB | {}
25.11.2021, 23:04:06 - ERROR - Failed to get toy | {}
25.11.2021, 23:04:13 - INFO - Server is running on port: 3000
25.11.2021, 23:04:17 - INFO - Server is running on port: 3000
25.11.2021, 23:04:20 - INFO - Req!!!
25.11.2021, 23:04:20 - INFO - Req!!!
25.11.2021, 23:05:11 - ERROR - while finding toy 76wcB | {}
25.11.2021, 23:05:11 - ERROR - Failed to get toy | {}
25.11.2021, 23:05:53 - INFO - Server is running on port: 3000
25.11.2021, 23:05:57 - INFO - Req!!!
25.11.2021, 23:05:57 - INFO - Req!!!
25.11.2021, 23:05:59 - ERROR - while finding toy 76wcB | {}
25.11.2021, 23:05:59 - ERROR - Failed to get toy | {}
25.11.2021, 23:06:06 - INFO - Req!!!
25.11.2021, 23:06:06 - INFO - Req!!!
25.11.2021, 23:06:10 - INFO - Server is running on port: 3000
25.11.2021, 23:06:50 - INFO - Req!!!
25.11.2021, 23:06:50 - INFO - Req!!!
25.11.2021, 23:07:12 - INFO - Server is running on port: 3000
25.11.2021, 23:07:21 - INFO - Server is running on port: 3000
25.11.2021, 23:10:58 - INFO - Server is running on port: 3000
25.11.2021, 23:10:59 - INFO - Server is running on port: 3000
25.11.2021, 23:11:00 - INFO - Server is running on port: 3000
25.11.2021, 23:11:02 - INFO - Server is running on port: 3000
25.11.2021, 23:11:02 - INFO - Server is running on port: 3000
25.11.2021, 23:11:04 - INFO - Server is running on port: 3000
25.11.2021, 23:11:05 - INFO - Server is running on port: 3000
25.11.2021, 23:11:09 - INFO - Server is running on port: 3000
25.11.2021, 23:11:10 - INFO - Server is running on port: 3000
25.11.2021, 23:11:11 - INFO - Server is running on port: 3000
25.11.2021, 23:11:16 - INFO - Req!!!
25.11.2021, 23:11:16 - INFO - Req!!!
25.11.2021, 23:11:18 - ERROR - while finding toy 76wcB | {}
25.11.2021, 23:11:18 - ERROR - Failed to get toy | {}
25.11.2021, 23:11:42 - INFO - Server is running on port: 3000
25.11.2021, 23:11:46 - INFO - Req!!!
25.11.2021, 23:11:46 - INFO - Req!!!
25.11.2021, 23:11:47 - ERROR - while finding toy 76wcB | {}
25.11.2021, 23:11:47 - ERROR - Failed to get toy | {}
25.11.2021, 23:12:04 - INFO - Server is running on port: 3000
25.11.2021, 23:12:07 - INFO - Req!!!
25.11.2021, 23:12:07 - INFO - Req!!!
25.11.2021, 23:12:09 - ERROR - while finding toy 76wcB | {}
25.11.2021, 23:12:09 - ERROR - Failed to get toy | {}
25.11.2021, 23:13:30 - INFO - Server is running on port: 3000
25.11.2021, 23:18:46 - INFO - Server is running on port: 3000
25.11.2021, 23:18:47 - INFO - Server is running on port: 3000
25.11.2021, 23:18:51 - INFO - Server is running on port: 3000
25.11.2021, 23:19:17 - INFO - Server is running on port: 3000
25.11.2021, 23:19:22 - INFO - Req!!!
25.11.2021, 23:19:22 - INFO - Req!!!
25.11.2021, 23:19:23 - ERROR - while finding toy 76wcB | {}
25.11.2021, 23:19:23 - ERROR - Failed to get toy | {}
25.11.2021, 23:19:36 - INFO - Server is running on port: 3000
25.11.2021, 23:19:38 - INFO - Req!!!
25.11.2021, 23:19:38 - INFO - Req!!!
25.11.2021, 23:19:40 - ERROR - while finding toy 76wcB | {}
25.11.2021, 23:19:40 - ERROR - Failed to get toy | {}
25.11.2021, 23:20:17 - INFO - Server is running on port: 3000
25.11.2021, 23:20:18 - INFO - Server is running on port: 3000
25.11.2021, 23:20:20 - INFO - Server is running on port: 3000
25.11.2021, 23:20:20 - INFO - Server is running on port: 3000
25.11.2021, 23:20:24 - INFO - Req!!!
25.11.2021, 23:20:24 - INFO - Req!!!
25.11.2021, 23:20:25 - ERROR - while finding toy 76wcB | {}
25.11.2021, 23:20:25 - ERROR - Failed to get toy | {}
25.11.2021, 23:20:38 - INFO - Server is running on port: 3000
25.11.2021, 23:20:50 - INFO - Server is running on port: 3000
25.11.2021, 23:20:52 - INFO - Server is running on port: 3000
25.11.2021, 23:20:55 - INFO - Server is running on port: 3000
25.11.2021, 23:20:58 - INFO - Server is running on port: 3000
25.11.2021, 23:21:13 - INFO - Req!!!
25.11.2021, 23:21:13 - INFO - Req!!!
25.11.2021, 23:21:13 - ERROR - while finding toy 76wcB | {}
25.11.2021, 23:21:13 - ERROR - Failed to get toy | {}
25.11.2021, 23:21:20 - INFO - Server is running on port: 3000
25.11.2021, 23:21:21 - INFO - Req!!!
25.11.2021, 23:21:21 - INFO - Req!!!
25.11.2021, 23:21:26 - INFO - Server is running on port: 3000
25.11.2021, 23:21:28 - ERROR - while finding toy 76wcB | {}
25.11.2021, 23:21:28 - ERROR - Failed to get toy | {}
25.11.2021, 23:22:17 - INFO - Server is running on port: 3000
25.11.2021, 23:22:26 - INFO - Server is running on port: 3000
25.11.2021, 23:22:33 - INFO - Server is running on port: 3000
25.11.2021, 23:22:35 - INFO - Server is running on port: 3000
25.11.2021, 23:22:37 - ERROR - while finding toy 76wcB | {}
25.11.2021, 23:22:37 - ERROR - Failed to get toy | {}
25.11.2021, 23:22:40 - INFO - Req!!!
25.11.2021, 23:22:40 - INFO - Req!!!
25.11.2021, 23:22:40 - INFO - Req!!!
25.11.2021, 23:22:40 - INFO - Req!!!
25.11.2021, 23:22:41 - ERROR - while finding toy 76wcB | {}
25.11.2021, 23:22:41 - ERROR - Failed to get toy | {}
25.11.2021, 23:22:46 - INFO - Req!!!
25.11.2021, 23:22:46 - INFO - Req!!!
25.11.2021, 23:22:50 - ERROR - while finding toy 76wcB | {}
25.11.2021, 23:22:50 - ERROR - Failed to get toy | {}
25.11.2021, 23:23:17 - INFO - Server is running on port: 3000
25.11.2021, 23:23:26 - INFO - Server is running on port: 3000
25.11.2021, 23:23:27 - INFO - Server is running on port: 3000
25.11.2021, 23:23:29 - INFO - Server is running on port: 3000
25.11.2021, 23:23:30 - INFO - Server is running on port: 3000
25.11.2021, 23:23:32 - INFO - Req!!!
25.11.2021, 23:23:32 - INFO - Req!!!
25.11.2021, 23:23:34 - ERROR - while finding toy 76wcB | {}
25.11.2021, 23:23:34 - ERROR - Failed to get toy | {}
25.11.2021, 23:24:28 - INFO - Server is running on port: 3000
25.11.2021, 23:24:30 - INFO - Server is running on port: 3000
25.11.2021, 23:26:27 - INFO - Server is running on port: 3000
25.11.2021, 23:26:58 - INFO - Server is running on port: 3000
25.11.2021, 23:27:01 - INFO - Server is running on port: 3000
25.11.2021, 23:27:08 - INFO - Server is running on port: 3000
25.11.2021, 23:27:20 - INFO - Server is running on port: 3000
25.11.2021, 23:27:22 - INFO - Server is running on port: 3000
25.11.2021, 23:28:05 - INFO - Server is running on port: 3000
25.11.2021, 23:28:25 - INFO - Server is running on port: 3000
25.11.2021, 23:28:32 - INFO - Server is running on port: 3000
25.11.2021, 23:28:58 - INFO - Server is running on port: 3000
25.11.2021, 23:28:59 - INFO - Server is running on port: 3000
25.11.2021, 23:29:02 - INFO - Server is running on port: 3000
25.11.2021, 23:29:13 - INFO - Server is running on port: 3000
25.11.2021, 23:29:15 - INFO - Server is running on port: 3000
25.11.2021, 23:29:16 - INFO - Server is running on port: 3000
25.11.2021, 23:29:23 - INFO - Req!!!
25.11.2021, 23:29:23 - INFO - Req!!!
25.11.2021, 23:29:24 - ERROR - while finding toy 76wcB | {}
25.11.2021, 23:29:24 - ERROR - Failed to get toy | {}
25.11.2021, 23:29:34 - INFO - Server is running on port: 3000
25.11.2021, 23:34:51 - INFO - Server is running on port: 3000
25.11.2021, 23:34:55 - INFO - Req!!!
25.11.2021, 23:34:55 - INFO - Req!!!
25.11.2021, 23:34:58 - ERROR - while finding toy 76wcB | {}
25.11.2021, 23:34:58 - ERROR - Failed to get toy | {}
25.11.2021, 23:35:20 - INFO - Server is running on port: 3000
25.11.2021, 23:35:21 - INFO - Server is running on port: 3000
25.11.2021, 23:35:27 - INFO - Server is running on port: 3000
25.11.2021, 23:35:38 - INFO - Server is running on port: 3000
25.11.2021, 23:35:43 - INFO - Req!!!
25.11.2021, 23:35:43 - INFO - Req!!!
25.11.2021, 23:36:57 - INFO - Req!!!
25.11.2021, 23:36:57 - INFO - Req!!!
25.11.2021, 23:36:58 - INFO - Req!!!
25.11.2021, 23:36:58 - INFO - Req!!!
26.11.2021, 2:04:58 - INFO - Server is running on port: 3000
26.11.2021, 2:05:04 - INFO - Server is running on port: 3000
26.11.2021, 2:05:12 - INFO - Server is running on port: 3000
26.11.2021, 2:05:14 - INFO - Server is running on port: 3000
26.11.2021, 2:05:25 - INFO - Server is running on port: 3000
27.11.2021, 20:08:00 - INFO - Server is running on port: 3000
27.11.2021, 20:09:32 - INFO - Server is running on port: 3000
27.11.2021, 20:09:50 - INFO - Server is running on port: 3000
27.11.2021, 20:10:23 - INFO - Req!!!
27.11.2021, 20:10:23 - INFO - Req!!!
27.11.2021, 20:14:31 - INFO - Server is running on port: 3000
27.11.2021, 20:16:49 - INFO - Req!!!
27.11.2021, 20:16:49 - INFO - Req!!!
27.11.2021, 20:16:52 - INFO - Req!!!
27.11.2021, 20:16:52 - INFO - Req!!!
27.11.2021, 20:17:11 - INFO - Req!!!
27.11.2021, 20:17:11 - INFO - Req!!!
27.11.2021, 20:17:49 - INFO - Req!!!
27.11.2021, 20:17:49 - INFO - Req!!!
27.11.2021, 20:17:51 - INFO - Req!!!
27.11.2021, 20:17:51 - INFO - Req!!!
27.11.2021, 20:18:27 - INFO - Server is running on port: 3000
27.11.2021, 20:18:34 - INFO - Server is running on port: 3000
27.11.2021, 20:22:57 - INFO - Req!!!
27.11.2021, 20:22:57 - INFO - Req!!!
27.11.2021, 20:22:59 - INFO - Req!!!
27.11.2021, 20:22:59 - INFO - Req!!!
27.11.2021, 20:24:10 - INFO - Req!!!
27.11.2021, 20:24:10 - INFO - Req!!!
27.11.2021, 20:24:11 - INFO - Req!!!
27.11.2021, 20:24:11 - INFO - Req!!!
27.11.2021, 20:25:03 - INFO - Server is running on port: 3000
27.11.2021, 20:25:06 - INFO - Server is running on port: 3000
27.11.2021, 20:25:09 - INFO - Server is running on port: 3000
27.11.2021, 20:25:12 - INFO - Server is running on port: 3000
27.11.2021, 20:25:24 - INFO - Req!!!
27.11.2021, 20:25:24 - INFO - Req!!!
27.11.2021, 20:25:34 - ERROR - Failed to update toy | {}
27.11.2021, 20:26:35 - INFO - Server is running on port: 3000
27.11.2021, 20:26:35 - INFO - Server is running on port: 3000
27.11.2021, 20:26:58 - INFO - Server is running on port: 3000
27.11.2021, 20:27:09 - ERROR - Failed to update toy | {}
27.11.2021, 20:27:32 - INFO - Server is running on port: 3000
27.11.2021, 20:27:34 - INFO - Server is running on port: 3000
27.11.2021, 20:27:34 - INFO - Server is running on port: 3000
27.11.2021, 20:27:36 - INFO - Server is running on port: 3000
27.11.2021, 20:28:00 - INFO - Server is running on port: 3000
27.11.2021, 20:28:09 - ERROR - Failed to update toy | {}
27.11.2021, 20:29:11 - INFO - Server is running on port: 3000
27.11.2021, 20:29:14 - INFO - Server is running on port: 3000
27.11.2021, 20:29:16 - INFO - Server is running on port: 3000
27.11.2021, 20:29:25 - INFO - Server is running on port: 3000
27.11.2021, 20:29:32 - INFO - Server is running on port: 3000
27.11.2021, 20:29:38 - INFO - Req!!!
27.11.2021, 20:29:38 - INFO - Req!!!
27.11.2021, 20:29:42 - INFO - Req!!!
27.11.2021, 20:29:43 - INFO - Req!!!
27.11.2021, 20:29:55 - ERROR - Failed to update toy | {}
27.11.2021, 20:31:39 - INFO - Server is running on port: 3000
27.11.2021, 20:31:41 - INFO - Server is running on port: 3000
27.11.2021, 20:31:42 - INFO - Server is running on port: 3000
27.11.2021, 20:31:45 - INFO - Server is running on port: 3000
27.11.2021, 20:31:53 - ERROR - Failed to update toy | {}
27.11.2021, 20:33:05 - INFO - Server is running on port: 3000
27.11.2021, 20:33:12 - INFO - Req!!!
27.11.2021, 20:33:12 - INFO - Req!!!
27.11.2021, 20:33:17 - INFO - Req!!!
27.11.2021, 20:33:17 - INFO - Req!!!
27.11.2021, 20:34:23 - INFO - Server is running on port: 3000
27.11.2021, 20:34:28 - INFO - Server is running on port: 3000
27.11.2021, 20:34:29 - INFO - Server is running on port: 3000
27.11.2021, 20:34:36 - ERROR - Failed to update toy | {}
27.11.2021, 20:34:44 - INFO - Req!!!
27.11.2021, 20:34:44 - INFO - Req!!!
27.11.2021, 20:34:48 - ERROR - Failed to update toy | {}
27.11.2021, 20:35:24 - INFO - Server is running on port: 3000
27.11.2021, 20:36:35 - INFO - Req!!!
27.11.2021, 20:36:35 - INFO - Req!!!
27.11.2021, 20:39:17 - ERROR - Failed to update toy | {}
27.11.2021, 20:43:01 - ERROR - Failed to update toy | {}
27.11.2021, 20:45:17 - INFO - Server is running on port: 3001
27.11.2021, 20:45:32 - INFO - Server is running on port: 3000
27.11.2021, 20:48:29 - INFO - Req!!!
27.11.2021, 20:48:31 - INFO - Req!!!
27.11.2021, 20:48:31 - INFO - Req!!!
27.11.2021, 20:54:42 - INFO - Req!!!
27.11.2021, 20:54:42 - INFO - Req!!!
27.11.2021, 20:55:03 - INFO - Req!!!
27.11.2021, 20:55:03 - INFO - Req!!!
27.11.2021, 20:55:04 - INFO - Req!!!
27.11.2021, 20:55:05 - INFO - Req!!!
27.11.2021, 20:55:07 - INFO - Req!!!
27.11.2021, 20:55:07 - INFO - Req!!!
27.11.2021, 20:55:09 - INFO - Req!!!
27.11.2021, 20:55:09 - INFO - Req!!!
27.11.2021, 20:55:11 - INFO - Req!!!
27.11.2021, 20:55:11 - INFO - Req!!!
27.11.2021, 20:55:13 - INFO - Req!!!
27.11.2021, 20:55:13 - INFO - Req!!!
27.11.2021, 20:55:17 - ERROR - Failed to update toy | {}
27.11.2021, 20:56:08 - INFO - Req!!!
27.11.2021, 20:56:08 - INFO - Req!!!
27.11.2021, 20:56:54 - ERROR - Failed to update toy | {}
27.11.2021, 20:57:42 - INFO - Req!!!
27.11.2021, 20:57:42 - INFO - Req!!!
27.11.2021, 20:58:34 - INFO - Server is running on port: 3000
27.11.2021, 20:58:42 - INFO - Req!!!
27.11.2021, 20:58:42 - INFO - Req!!!
27.11.2021, 20:59:01 - INFO - Req!!!
27.11.2021, 20:59:01 - INFO - Req!!!
27.11.2021, 20:59:51 - INFO - Server is running on port: 3000
27.11.2021, 20:59:56 - INFO - Req!!!
27.11.2021, 20:59:56 - INFO - Req!!!
27.11.2021, 20:59:58 - ERROR - while finding toy LJUPf | {}
27.11.2021, 20:59:58 - ERROR - Failed to get toy | {}
27.11.2021, 21:00:31 - INFO - Server is running on port: 3000
27.11.2021, 21:00:33 - INFO - Server is running on port: 3000
27.11.2021, 21:00:34 - INFO - Server is running on port: 3000
27.11.2021, 21:00:35 - INFO - Server is running on port: 3000
27.11.2021, 21:00:44 - INFO - Server is running on port: 3000
27.11.2021, 21:00:51 - INFO - Req!!!
27.11.2021, 21:00:51 - INFO - Req!!!
27.11.2021, 21:01:02 - INFO - Server is running on port: 3000
27.11.2021, 21:01:51 - INFO - Server is running on port: 3000
27.11.2021, 21:01:52 - INFO - Server is running on port: 3000
27.11.2021, 21:01:54 - INFO - Server is running on port: 3000
27.11.2021, 21:01:54 - INFO - Server is running on port: 3000
27.11.2021, 21:01:57 - INFO - Server is running on port: 3000
27.11.2021, 21:01:57 - INFO - Server is running on port: 3000
27.11.2021, 21:02:00 - INFO - Server is running on port: 3000
27.11.2021, 21:02:03 - INFO - Server is running on port: 3000
27.11.2021, 21:02:07 - INFO - Req!!!
27.11.2021, 21:02:07 - INFO - Req!!!
27.11.2021, 21:04:08 - ERROR - Failed to update toy | {}
27.11.2021, 21:04:08 - INFO - Req!!!
27.11.2021, 21:04:08 - INFO - Req!!!
27.11.2021, 21:04:08 - INFO - Req!!!
27.11.2021, 21:04:08 - INFO - Req!!!
27.11.2021, 21:04:08 - INFO - Req!!!
27.11.2021, 21:04:09 - INFO - Req!!!
27.11.2021, 21:04:09 - INFO - Server is running on port: 3000
27.11.2021, 21:05:47 - INFO - Server is running on port: 3000
27.11.2021, 21:05:51 - INFO - Server is running on port: 3000
27.11.2021, 21:05:55 - INFO - Server is running on port: 3000
27.11.2021, 21:05:55 - INFO - Server is running on port: 3000
27.11.2021, 21:05:56 - INFO - Server is running on port: 3000
27.11.2021, 21:06:00 - INFO - Server is running on port: 3000
27.11.2021, 21:06:06 - INFO - Req!!!
27.11.2021, 21:06:06 - INFO - Req!!!
27.11.2021, 21:06:08 - ERROR - while finding toy LJUPf | {}
27.11.2021, 21:06:08 - ERROR - Failed to get toy | {}
27.11.2021, 21:06:36 - INFO - Server is running on port: 3000
27.11.2021, 21:06:40 - INFO - Req!!!
27.11.2021, 21:06:40 - INFO - Req!!!
27.11.2021, 21:06:41 - ERROR - while finding toy LJUPf | {}
27.11.2021, 21:06:41 - ERROR - Failed to get toy | {}
27.11.2021, 21:07:01 - INFO - Server is running on port: 3000
27.11.2021, 21:07:02 - INFO - Server is running on port: 3000
27.11.2021, 21:09:10 - INFO - Server is running on port: 3000
27.11.2021, 21:09:23 - INFO - Server is running on port: 3000
27.11.2021, 21:09:28 - INFO - Server is running on port: 3000
27.11.2021, 21:09:31 - INFO - Server is running on port: 3000
27.11.2021, 21:09:36 - INFO - Req!!!
27.11.2021, 21:09:36 - INFO - Req!!!
27.11.2021, 21:11:29 - INFO - Req!!!
27.11.2021, 21:11:29 - INFO - Req!!!
27.11.2021, 21:13:13 - INFO - Server is running on port: 3000
27.11.2021, 21:13:15 - INFO - Server is running on port: 3000
27.11.2021, 21:13:23 - INFO - Server is running on port: 3000
27.11.2021, 21:13:25 - INFO - Server is running on port: 3000
27.11.2021, 21:13:29 - INFO - Server is running on port: 3000
27.11.2021, 21:14:17 - INFO - Server is running on port: 3000
27.11.2021, 21:14:20 - INFO - Server is running on port: 3000
27.11.2021, 21:14:26 - INFO - Server is running on port: 3000
27.11.2021, 21:14:27 - INFO - Server is running on port: 3000
27.11.2021, 21:14:28 - INFO - Server is running on port: 3000
27.11.2021, 21:14:29 - INFO - Server is running on port: 3000
27.11.2021, 21:14:36 - INFO - Server is running on port: 3000
27.11.2021, 21:14:39 - INFO - Req!!!
27.11.2021, 21:14:40 - INFO - Req!!!
27.11.2021, 21:15:34 - INFO - Server is running on port: 3000
27.11.2021, 21:15:35 - INFO - Server is running on port: 3000
27.11.2021, 21:16:11 - INFO - Req!!!
27.11.2021, 21:20:33 - INFO - Req!!!
27.11.2021, 21:20:33 - INFO - Req!!!
27.11.2021, 21:20:33 - INFO - Req!!!
27.11.2021, 21:20:33 - INFO - Req!!!
27.11.2021, 21:20:33 - INFO - Req!!!
27.11.2021, 21:20:33 - INFO - Req!!!
27.11.2021, 21:20:33 - INFO - Req!!!
27.11.2021, 21:20:33 - INFO - Req!!!
27.11.2021, 21:20:33 - INFO - Req!!!
27.11.2021, 21:20:33 - INFO - Req!!!
27.11.2021, 21:20:33 - INFO - Req!!!
27.11.2021, 21:20:33 - INFO - Req!!!
27.11.2021, 21:20:33 - INFO - Req!!!
27.11.2021, 21:20:33 - INFO - Req!!!
27.11.2021, 21:20:33 - INFO - Req!!!
27.11.2021, 21:20:34 - INFO - Server is running on port: 3000
27.11.2021, 21:20:45 - INFO - Server is running on port: 3000
27.11.2021, 21:20:50 - INFO - Req!!!
27.11.2021, 21:20:50 - INFO - Req!!!
27.11.2021, 21:21:32 - INFO - Req!!!
27.11.2021, 21:21:32 - INFO - Req!!!
27.11.2021, 21:23:45 - INFO - Req!!!
27.11.2021, 21:23:45 - INFO - Req!!!
27.11.2021, 21:24:27 - INFO - Req!!!
27.11.2021, 21:24:27 - INFO - Req!!!
27.11.2021, 21:24:38 - INFO - Req!!!
27.11.2021, 21:24:38 - INFO - Req!!!
27.11.2021, 21:24:41 - INFO - Req!!!
27.11.2021, 21:24:41 - INFO - Req!!!
27.11.2021, 21:24:48 - INFO - Req!!!
27.11.2021, 21:24:48 - INFO - Req!!!
27.11.2021, 21:26:43 - INFO - Req!!!
27.11.2021, 21:26:43 - INFO - Req!!!
27.11.2021, 21:27:09 - INFO - Req!!!
27.11.2021, 21:27:09 - INFO - Req!!!
27.11.2021, 21:30:01 - INFO - Req!!!
27.11.2021, 21:30:01 - INFO - Req!!!
27.11.2021, 21:30:40 - INFO - Req!!!
27.11.2021, 21:30:41 - INFO - Req!!!
27.11.2021, 21:31:37 - INFO - Req!!!
27.11.2021, 21:31:38 - INFO - Req!!!
27.11.2021, 21:36:50 - INFO - Req!!!
27.11.2021, 21:36:50 - INFO - Req!!!
27.11.2021, 21:37:34 - INFO - Req!!!
27.11.2021, 21:37:34 - INFO - Req!!!
27.11.2021, 21:38:23 - INFO - Req!!!
27.11.2021, 21:38:23 - INFO - Req!!!
27.11.2021, 21:41:01 - INFO - Req!!!
27.11.2021, 21:41:01 - INFO - Req!!!
27.11.2021, 21:42:40 - INFO - Req!!!
27.11.2021, 21:42:40 - INFO - Req!!!
27.11.2021, 21:52:58 - INFO - Req!!!
27.11.2021, 21:52:58 - INFO - Req!!!
27.11.2021, 21:53:11 - INFO - Req!!!
27.11.2021, 21:53:11 - INFO - Req!!!
27.11.2021, 21:53:33 - INFO - Req!!!
27.11.2021, 21:53:33 - INFO - Req!!!
27.11.2021, 21:54:48 - INFO - Req!!!
27.11.2021, 21:54:48 - INFO - Req!!!
27.11.2021, 21:57:56 - INFO - Req!!!
27.11.2021, 21:57:57 - INFO - Req!!!
27.11.2021, 21:58:01 - INFO - Req!!!
27.11.2021, 21:58:02 - INFO - Req!!!
27.11.2021, 21:58:07 - INFO - Req!!!
27.11.2021, 21:58:08 - INFO - Req!!!
27.11.2021, 21:58:36 - INFO - Req!!!
27.11.2021, 21:58:36 - INFO - Req!!!
27.11.2021, 21:58:41 - INFO - Req!!!
27.11.2021, 21:58:41 - INFO - Req!!!
27.11.2021, 21:58:47 - INFO - Req!!!
27.11.2021, 21:58:47 - INFO - Req!!!
27.11.2021, 22:01:12 - INFO - Req!!!
27.11.2021, 22:01:12 - INFO - Req!!!
27.11.2021, 22:01:17 - INFO - Req!!!
27.11.2021, 22:01:17 - INFO - Req!!!
27.11.2021, 22:01:56 - INFO - Req!!!
27.11.2021, 22:01:56 - INFO - Req!!!
27.11.2021, 22:04:39 - INFO - Req!!!
27.11.2021, 22:04:39 - INFO - Req!!!
27.11.2021, 22:08:29 - INFO - Req!!!
27.11.2021, 22:08:30 - INFO - Req!!!
27.11.2021, 22:09:04 - INFO - Server is running on port: 3000
27.11.2021, 22:09:47 - INFO - Req!!!
27.11.2021, 22:09:58 - INFO - Server is running on port: 3000
27.11.2021, 22:09:59 - INFO - Server is running on port: 3000
27.11.2021, 22:10:01 - INFO - Req!!!
27.11.2021, 22:10:13 - INFO - Req!!!
27.11.2021, 22:10:16 - INFO - Req!!!
27.11.2021, 22:10:53 - INFO - Req!!!
27.11.2021, 22:10:57 - INFO - Req!!!
27.11.2021, 22:11:16 - INFO - Server is running on port: 3000
27.11.2021, 22:11:18 - INFO - Req!!!
27.11.2021, 22:11:18 - INFO - Req!!!
27.11.2021, 22:14:44 - INFO - Req!!!
27.11.2021, 22:14:44 - INFO - Req!!!
27.11.2021, 22:22:22 - INFO - Req!!!
27.11.2021, 22:22:22 - INFO - Req!!!
27.11.2021, 22:22:38 - INFO - Req!!!
27.11.2021, 22:22:38 - INFO - Req!!!
27.11.2021, 22:22:43 - INFO - Req!!!
27.11.2021, 22:22:43 - INFO - Req!!!
27.11.2021, 22:28:31 - INFO - Server is running on port: 3000
27.11.2021, 22:50:14 - INFO - Req!!!
27.11.2021, 22:50:15 - INFO - Req!!!
27.11.2021, 22:50:34 - INFO - Req!!!
27.11.2021, 22:50:34 - INFO - Req!!!
27.11.2021, 22:50:34 - INFO - Req!!!
27.11.2021, 22:50:34 - INFO - Req!!!
27.11.2021, 22:51:02 - INFO - Req!!!
27.11.2021, 22:51:02 - INFO - Req!!!
27.11.2021, 23:31:12 - INFO - Req!!!
27.11.2021, 23:31:12 - INFO - Req!!!
27.11.2021, 23:31:33 - INFO - Req!!!
27.11.2021, 23:31:33 - INFO - Req!!!
27.11.2021, 23:31:40 - INFO - Req!!!
27.11.2021, 23:31:40 - INFO - Req!!!
27.11.2021, 23:32:07 - INFO - Req!!!
27.11.2021, 23:32:07 - INFO - Req!!!
27.11.2021, 23:32:16 - INFO - Req!!!
27.11.2021, 23:32:16 - INFO - Req!!!
27.11.2021, 23:47:51 - INFO - Server is running on port: 3000
28.11.2021, 0:11:01 - INFO - Server is running on port: 3000
28.11.2021, 0:14:54 - INFO - Req!!!
28.11.2021, 0:14:55 - INFO - Req!!!
28.11.2021, 0:24:27 - INFO - Req!!!
28.11.2021, 0:24:27 - INFO - Req!!!
28.11.2021, 1:00:15 - INFO - Server is running on port: 3000
28.11.2021, 1:07:37 - INFO - Server is running on port: 3000
28.11.2021, 1:07:38 - INFO - Server is running on port: 3000
28.11.2021, 1:07:43 - INFO - Server is running on port: 3000
28.11.2021, 1:10:03 - INFO - Server is running on port: 3000
28.11.2021, 1:11:04 - DEBUG - auth.service - login with username: undefined
28.11.2021, 1:11:04 - ERROR - Failed to Login Invalid username or password
28.11.2021, 1:13:31 - DEBUG - auth.service - login with username: undefined
28.11.2021, 1:13:31 - ERROR - Failed to Login Invalid username or password
28.11.2021, 1:14:19 - DEBUG - auth.service - login with username: koren
28.11.2021, 1:14:19 - ERROR - Failed to Login Invalid username or password
28.11.2021, 1:15:12 - INFO - Server is running on port: 3000
28.11.2021, 1:15:23 - INFO - Server is running on port: 3000
28.11.2021, 1:15:25 - INFO - Server is running on port: 3000
28.11.2021, 1:15:27 - INFO - Server is running on port: 3000
28.11.2021, 1:15:31 - DEBUG - auth.service - login with username: koren
28.11.2021, 1:15:31 - ERROR - Failed to Login Invalid username or password
28.11.2021, 1:16:28 - INFO - Server is running on port: 3000
28.11.2021, 1:16:37 - INFO - Server is running on port: 3000
28.11.2021, 1:17:06 - DEBUG - auth.service - login with username: koren
28.11.2021, 1:17:06 - ERROR - Failed to Login Invalid username or password
28.11.2021, 1:17:45 - INFO - Server is running on port: 3000
28.11.2021, 1:17:49 - INFO - Server is running on port: 3000
28.11.2021, 1:17:56 - DEBUG - auth.service - login with username: koren
28.11.2021, 1:17:56 - ERROR - Failed to Login Invalid username or password pass
28.11.2021, 1:18:51 - INFO - Server is running on port: 3000
28.11.2021, 1:18:56 - DEBUG - auth.service - login with username: koren
28.11.2021, 1:18:56 - ERROR - Failed to Login Invalid username or password pass
28.11.2021, 1:19:07 - DEBUG - auth.service - login with username: koren
28.11.2021, 1:19:07 - ERROR - Failed to Login Invalid username or password pass
28.11.2021, 1:19:28 - INFO - Server is running on port: 3000
28.11.2021, 1:19:30 - INFO - Server is running on port: 3000
28.11.2021, 1:19:35 - INFO - Server is running on port: 3000
28.11.2021, 1:19:42 - INFO - Server is running on port: 3000
28.11.2021, 1:19:46 - DEBUG - auth.service - login with username: koren
28.11.2021, 1:19:46 - ERROR - Failed to Login Invalid username or password pass
28.11.2021, 1:20:04 - INFO - Server is running on port: 3000
28.11.2021, 1:20:06 - INFO - Server is running on port: 3000
28.11.2021, 1:20:07 - INFO - Server is running on port: 3000
28.11.2021, 1:20:08 - INFO - Server is running on port: 3000
28.11.2021, 1:20:09 - INFO - Server is running on port: 3000
28.11.2021, 1:20:13 - INFO - Server is running on port: 3000
28.11.2021, 1:20:14 - INFO - Server is running on port: 3000
28.11.2021, 1:20:17 - INFO - Server is running on port: 3000
28.11.2021, 1:20:23 - INFO - Server is running on port: 3000
28.11.2021, 1:20:27 - INFO - Server is running on port: 3000
28.11.2021, 1:20:28 - INFO - Server is running on port: 3000
28.11.2021, 1:20:32 - INFO - Server is running on port: 3000
28.11.2021, 1:20:36 - INFO - Server is running on port: 3000
28.11.2021, 1:20:41 - DEBUG - auth.service - login with username: koren
28.11.2021, 1:20:42 - ERROR - Failed to Login Invalid username or password pass
28.11.2021, 1:23:13 - INFO - Server is running on port: 3000
28.11.2021, 1:23:26 - INFO - Server is running on port: 3000
28.11.2021, 1:24:36 - INFO - Server is running on port: 3000
28.11.2021, 1:24:37 - INFO - Server is running on port: 3000
28.11.2021, 1:33:22 - INFO - Server is running on port: 3000
28.11.2021, 1:33:33 - INFO - Server is running on port: 3000
28.11.2021, 1:33:40 - INFO - Server is running on port: 3000
28.11.2021, 1:33:49 - DEBUG - auth.service - login with username: koren
28.11.2021, 1:33:59 - INFO - Server is running on port: 3000
28.11.2021, 1:34:11 - DEBUG - auth.service - login with username: koren
28.11.2021, 8:48:45 - INFO - Server is running on port: 3000
28.11.2021, 8:49:26 - INFO - Server is running on port: 3000
28.11.2021, 8:49:54 - DEBUG - auth.service - login with username: koren
28.11.2021, 8:50:11 - DEBUG - auth.service - login with username: sfdf
28.11.2021, 8:50:11 - ERROR - Failed to Login Invalid username or password user
28.11.2021, 12:27:25 - INFO - Req!!!
28.11.2021, 12:27:25 - INFO - Req!!!
28.11.2021, 16:17:58 - INFO - Server is running on port: 3000
28.11.2021, 16:18:05 - INFO - Server is running on port: 3000
28.11.2021, 16:18:06 - INFO - Server is running on port: 3000
28.11.2021, 16:18:11 - INFO - Server is running on port: 3000
28.11.2021, 16:18:32 - INFO - Server is running on port: 3000
28.11.2021, 16:18:34 - INFO - Server is running on port: 3000
28.11.2021, 16:18:57 - INFO - Server is running on port: 3000
28.11.2021, 16:19:01 - INFO - Server is running on port: 3000
28.11.2021, 16:25:22 - INFO - Server is running on port: 3000
28.11.2021, 16:25:26 - INFO - Server is running on port: 3000
28.11.2021, 16:25:36 - INFO - Server is running on port: 3000
28.11.2021, 16:25:37 - INFO - Server is running on port: 3000
28.11.2021, 16:25:49 - INFO - Server is running on port: 3000
28.11.2021, 16:26:09 - INFO - Server is running on port: 3000
28.11.2021, 16:26:21 - INFO - Server is running on port: 3000
28.11.2021, 16:26:54 - INFO - Server is running on port: 3000
28.11.2021, 16:27:09 - INFO - Server is running on port: 3000
28.11.2021, 16:27:37 - INFO - Server is running on port: 3000
28.11.2021, 17:13:24 - INFO - Req!!!
28.11.2021, 17:13:28 - INFO - Req!!!
28.11.2021, 17:31:10 - INFO - Req!!!
28.11.2021, 17:31:15 - INFO - Req!!!
28.11.2021, 17:31:50 - INFO - Req!!!
28.11.2021, 17:31:53 - INFO - Req!!!
28.11.2021, 17:31:54 - INFO - Req!!!
28.11.2021, 17:31:55 - INFO - Req!!!
28.11.2021, 17:31:55 - INFO - Req!!!
28.11.2021, 17:31:56 - INFO - Req!!!
28.11.2021, 17:32:03 - INFO - Server is running on port: 3000
28.11.2021, 17:32:05 - INFO - Server is running on port: 3000
28.11.2021, 17:32:07 - INFO - Req!!!
28.11.2021, 17:32:08 - INFO - Req!!!
28.11.2021, 17:32:08 - INFO - Req!!!
28.11.2021, 17:32:09 - INFO - Req!!!
28.11.2021, 17:32:24 - DEBUG - auth.service - login with username: koren
28.11.2021, 17:32:24 - ERROR - Failed to Login Invalid username or password user
28.11.2021, 17:32:32 - DEBUG - auth.service - login with username: koren
28.11.2021, 17:32:32 - ERROR - Failed to Login Invalid username or password user
28.11.2021, 17:36:05 - DEBUG - auth.service - login with username: koren
28.11.2021, 17:37:08 - DEBUG - auth.service - login with username: koren
28.11.2021, 17:37:43 - DEBUG - auth.service - login with username: koren
28.11.2021, 17:37:43 - INFO - Req!!!
28.11.2021, 17:37:43 - INFO - Req!!!
28.11.2021, 17:42:22 - DEBUG - auth.service - login with username: koren
28.11.2021, 17:52:01 - INFO - Server is running on port: 3000
28.11.2021, 17:52:02 - INFO - Server is running on port: 3000
28.11.2021, 17:52:03 - INFO - Server is running on port: 3000
28.11.2021, 17:52:04 - INFO - Server is running on port: 3000
28.11.2021, 17:52:05 - INFO - Server is running on port: 3000
28.11.2021, 17:57:29 - DEBUG - auth.service - login with username: koren
28.11.2021, 17:57:30 - INFO - Req!!!
28.11.2021, 17:57:30 - INFO - Req!!!
28.11.2021, 17:57:43 - INFO - Req!!!
28.11.2021, 17:57:44 - INFO - Req!!!
28.11.2021, 17:58:56 - DEBUG - auth.service - login with username: koren
28.11.2021, 17:58:57 - INFO - Req!!!
28.11.2021, 17:58:57 - INFO - Req!!!
28.11.2021, 17:59:14 - INFO - Req!!!
28.11.2021, 17:59:14 - INFO - Req!!!
28.11.2021, 17:59:49 - INFO - Req!!!
28.11.2021, 17:59:49 - INFO - Req!!!
28.11.2021, 18:00:05 - INFO - Req!!!
28.11.2021, 18:00:05 - INFO - Req!!!
28.11.2021, 18:00:14 - INFO - Req!!!
28.11.2021, 18:00:14 - INFO - Req!!!
28.11.2021, 18:00:27 - INFO - Req!!!
28.11.2021, 18:00:27 - INFO - Req!!!
28.11.2021, 18:00:45 - INFO - Req!!!
28.11.2021, 18:00:45 - INFO - Req!!!
28.11.2021, 18:01:03 - INFO - Req!!!
28.11.2021, 18:01:03 - INFO - Req!!!
28.11.2021, 18:01:07 - INFO - Req!!!
28.11.2021, 18:01:07 - INFO - Req!!!
28.11.2021, 18:01:52 - INFO - Req!!!
28.11.2021, 18:01:52 - INFO - Req!!!
28.11.2021, 18:02:20 - INFO - Req!!!
28.11.2021, 18:02:20 - INFO - Req!!!
28.11.2021, 18:22:22 - INFO - Req!!!
28.11.2021, 18:22:22 - INFO - Req!!!
28.11.2021, 18:22:37 - INFO - Req!!!
28.11.2021, 18:22:37 - INFO - Req!!!
28.11.2021, 18:22:52 - INFO - Req!!!
28.11.2021, 18:22:52 - INFO - Req!!!
28.11.2021, 18:24:58 - INFO - Req!!!
28.11.2021, 18:24:58 - INFO - Req!!!
28.11.2021, 18:25:53 - INFO - Req!!!
28.11.2021, 18:25:53 - INFO - Req!!!
28.11.2021, 18:26:46 - INFO - Req!!!
28.11.2021, 18:26:46 - INFO - Req!!!
28.11.2021, 18:27:33 - INFO - Req!!!
28.11.2021, 18:27:33 - INFO - Req!!!
28.11.2021, 18:28:12 - INFO - Req!!!
28.11.2021, 18:28:12 - INFO - Req!!!
28.11.2021, 18:29:45 - INFO - Req!!!
28.11.2021, 18:29:45 - INFO - Req!!!
28.11.2021, 18:30:46 - INFO - Req!!!
28.11.2021, 18:30:46 - INFO - Req!!!
28.11.2021, 18:30:53 - INFO - Req!!!
28.11.2021, 18:30:53 - INFO - Req!!!
28.11.2021, 18:30:54 - INFO - Req!!!
28.11.2021, 18:30:54 - INFO - Req!!!
28.11.2021, 18:31:03 - INFO - Req!!!
28.11.2021, 18:31:03 - INFO - Req!!!
28.11.2021, 18:31:07 - INFO - Req!!!
28.11.2021, 18:31:07 - INFO - Req!!!
28.11.2021, 18:32:50 - INFO - Req!!!
28.11.2021, 18:32:50 - INFO - Req!!!
28.11.2021, 18:35:15 - INFO - Req!!!
28.11.2021, 18:35:15 - INFO - Req!!!
28.11.2021, 18:35:24 - INFO - Req!!!
28.11.2021, 18:35:24 - INFO - Req!!!
28.11.2021, 18:35:34 - INFO - Req!!!
28.11.2021, 18:35:34 - INFO - Req!!!
28.11.2021, 18:35:45 - INFO - Req!!!
28.11.2021, 18:35:45 - INFO - Req!!!
28.11.2021, 18:36:07 - INFO - Server is running on port: 3000
28.11.2021, 18:36:10 - INFO - Server is running on port: 3000
28.11.2021, 18:36:11 - INFO - Server is running on port: 3000
28.11.2021, 18:36:14 - INFO - Server is running on port: 3000
28.11.2021, 18:36:20 - INFO - Server is running on port: 3000
28.11.2021, 18:36:24 - INFO - Server is running on port: 3000
28.11.2021, 18:36:25 - INFO - Server is running on port: 3000
28.11.2021, 18:37:11 - ERROR - Failed to Login TypeError: Cannot read properties of undefined (reading 'username')
28.11.2021, 18:38:23 - INFO - Server is running on port: 3000
28.11.2021, 18:38:24 - INFO - Server is running on port: 3000
28.11.2021, 18:38:25 - INFO - Server is running on port: 3000
28.11.2021, 18:38:27 - INFO - Server is running on port: 3000
28.11.2021, 18:38:29 - INFO - Server is running on port: 3000
28.11.2021, 18:38:30 - INFO - Server is running on port: 3000
28.11.2021, 18:38:31 - INFO - Server is running on port: 3000
28.11.2021, 18:38:34 - ERROR - Failed to Login TypeError: Cannot read properties of undefined (reading 'username')
28.11.2021, 18:51:50 - DEBUG - auth.service - login with username: undefined
28.11.2021, 18:51:50 - INFO - Req!!!
28.11.2021, 18:51:50 - INFO - Req!!!
28.11.2021, 18:51:51 - ERROR - Failed to Login Invalid username or password user
28.11.2021, 18:52:03 - DEBUG - auth.service - login with username: undefined
28.11.2021, 18:52:03 - ERROR - Failed to Login Invalid username or password user
28.11.2021, 18:52:59 - INFO - Server is running on port: 3000
28.11.2021, 18:53:02 - INFO - Server is running on port: 3000
28.11.2021, 18:53:03 - INFO - Server is running on port: 3000
28.11.2021, 18:53:04 - INFO - Server is running on port: 3000
28.11.2021, 18:53:07 - DEBUG - auth.service - login with username: koren
28.11.2021, 18:53:09 - INFO - Req!!!
28.11.2021, 18:53:09 - INFO - Req!!!
28.11.2021, 18:57:57 - DEBUG - auth.service - login with username: koren
28.11.2021, 19:03:38 - INFO - Req!!!
28.11.2021, 19:03:38 - INFO - Req!!!
28.11.2021, 19:03:39 - INFO - Req!!!
28.11.2021, 19:03:39 - INFO - Req!!!
28.11.2021, 19:17:58 - DEBUG - auth.service - login with username: koren
28.11.2021, 19:20:20 - DEBUG - auth.service - login with username: koren
28.11.2021, 19:22:37 - DEBUG - auth.service - login with username: koren
28.11.2021, 19:25:02 - DEBUG - auth.service - login with username: koren
28.11.2021, 19:25:03 - INFO - Req!!!
28.11.2021, 19:25:03 - INFO - Req!!!
28.11.2021, 19:28:11 - INFO - Req!!!
28.11.2021, 19:28:11 - INFO - Req!!!
28.11.2021, 19:28:23 - INFO - Req!!!
28.11.2021, 19:28:24 - INFO - Req!!!
28.11.2021, 19:28:32 - DEBUG - auth.service - login with username: koren
28.11.2021, 19:28:33 - INFO - Req!!!
28.11.2021, 19:28:33 - INFO - Req!!!
28.11.2021, 19:28:41 - INFO - Req!!!
28.11.2021, 19:28:41 - INFO - Req!!!
28.11.2021, 19:30:00 - INFO - Req!!!
28.11.2021, 19:30:00 - INFO - Req!!!
28.11.2021, 19:33:13 - INFO - Req!!!
28.11.2021, 19:33:14 - INFO - Req!!!
28.11.2021, 19:33:24 - INFO - Req!!!
28.11.2021, 19:33:24 - INFO - Req!!!
28.11.2021, 19:33:59 - INFO - Req!!!
28.11.2021, 19:33:59 - INFO - Req!!!
28.11.2021, 19:55:39 - DEBUG - auth.service - login with username: koren
28.11.2021, 19:55:39 - INFO - Req!!!
28.11.2021, 19:55:40 - INFO - Req!!!
28.11.2021, 19:55:45 - INFO - Req!!!
28.11.2021, 19:55:45 - INFO - Req!!!
28.11.2021, 19:57:47 - INFO - Req!!!
28.11.2021, 19:57:47 - INFO - Req!!!
28.11.2021, 19:58:01 - INFO - Req!!!
28.11.2021, 19:58:02 - INFO - Req!!!
28.11.2021, 19:58:39 - INFO - Req!!!
28.11.2021, 19:58:39 - INFO - Req!!!
28.11.2021, 20:00:12 - INFO - Req!!!
28.11.2021, 20:00:12 - INFO - Req!!!
28.11.2021, 20:00:19 - INFO - Req!!!
28.11.2021, 20:00:20 - INFO - Req!!!
28.11.2021, 20:05:59 - INFO - Req!!!
28.11.2021, 20:05:59 - INFO - Req!!!
28.11.2021, 20:07:36 - INFO - Req!!!
28.11.2021, 20:07:36 - INFO - Req!!!
28.11.2021, 20:07:46 - INFO - Req!!!
28.11.2021, 20:07:46 - INFO - Req!!!
28.11.2021, 20:08:28 - INFO - Req!!!
28.11.2021, 20:08:28 - INFO - Req!!!
28.11.2021, 20:08:32 - INFO - Req!!!
28.11.2021, 20:08:32 - INFO - Req!!!
28.11.2021, 20:09:21 - INFO - Req!!!
28.11.2021, 20:09:21 - INFO - Req!!!
28.11.2021, 20:09:22 - INFO - Req!!!
28.11.2021, 20:09:22 - INFO - Req!!!
28.11.2021, 20:09:23 - INFO - Req!!!
28.11.2021, 20:09:24 - INFO - Req!!!
28.11.2021, 20:09:24 - INFO - Req!!!
28.11.2021, 20:09:24 - INFO - Req!!!
28.11.2021, 20:09:29 - INFO - Req!!!
28.11.2021, 20:09:29 - INFO - Req!!!
28.11.2021, 20:09:29 - INFO - Req!!!
28.11.2021, 20:09:29 - INFO - Req!!!
28.11.2021, 20:09:30 - INFO - Req!!!
28.11.2021, 20:09:30 - INFO - Req!!!
28.11.2021, 20:09:31 - INFO - Req!!!
28.11.2021, 20:09:31 - INFO - Req!!!
28.11.2021, 20:09:34 - INFO - Req!!!
28.11.2021, 20:09:34 - INFO - Req!!!
28.11.2021, 20:09:35 - INFO - Req!!!
28.11.2021, 20:09:35 - INFO - Req!!!
28.11.2021, 20:09:38 - INFO - Req!!!
28.11.2021, 20:09:39 - INFO - Req!!!
28.11.2021, 20:10:58 - INFO - Req!!!
28.11.2021, 20:10:58 - INFO - Req!!!
28.11.2021, 20:11:43 - INFO - Req!!!
28.11.2021, 20:11:43 - INFO - Req!!!
28.11.2021, 20:12:11 - INFO - Req!!!
28.11.2021, 20:12:11 - INFO - Req!!!
28.11.2021, 20:12:12 - INFO - Req!!!
28.11.2021, 20:12:12 - INFO - Req!!!
28.11.2021, 20:13:40 - INFO - Req!!!
28.11.2021, 20:13:40 - INFO - Req!!!
28.11.2021, 20:13:45 - INFO - Req!!!
28.11.2021, 20:13:46 - INFO - Req!!!
28.11.2021, 20:13:55 - INFO - Req!!!
28.11.2021, 20:13:55 - INFO - Req!!!
28.11.2021, 20:14:58 - INFO - Req!!!
28.11.2021, 20:14:58 - INFO - Req!!!
28.11.2021, 20:15:36 - INFO - Req!!!
28.11.2021, 20:15:36 - INFO - Req!!!
28.11.2021, 20:15:41 - INFO - Req!!!
28.11.2021, 20:15:41 - INFO - Req!!!
28.11.2021, 20:20:01 - INFO - Req!!!
28.11.2021, 20:20:01 - INFO - Req!!!
28.11.2021, 20:20:09 - INFO - Req!!!
28.11.2021, 20:20:09 - INFO - Req!!!
28.11.2021, 20:20:10 - INFO - Req!!!
28.11.2021, 20:20:10 - INFO - Req!!!
28.11.2021, 20:20:10 - INFO - Req!!!
28.11.2021, 20:20:10 - INFO - Req!!!
28.11.2021, 20:20:13 - INFO - Req!!!
28.11.2021, 20:20:13 - INFO - Req!!!
28.11.2021, 20:20:16 - INFO - Req!!!
28.11.2021, 20:20:16 - INFO - Req!!!
28.11.2021, 20:20:31 - INFO - Req!!!
28.11.2021, 20:20:31 - INFO - Req!!!
28.11.2021, 20:22:11 - INFO - Req!!!
28.11.2021, 20:22:11 - INFO - Req!!!
28.11.2021, 20:24:04 - INFO - Server is running on port: 3000
28.11.2021, 20:24:04 - INFO - Server is running on port: 3000
28.11.2021, 20:24:05 - INFO - Server is running on port: 3000
28.11.2021, 20:24:06 - INFO - Server is running on port: 3000
28.11.2021, 20:24:08 - INFO - Server is running on port: 3000
28.11.2021, 20:24:14 - INFO - Server is running on port: 3000
28.11.2021, 20:24:15 - INFO - Server is running on port: 3000
28.11.2021, 20:24:15 - INFO - Server is running on port: 3000
28.11.2021, 20:24:16 - INFO - Server is running on port: 3000
28.11.2021, 20:24:17 - INFO - Server is running on port: 3000
28.11.2021, 20:26:46 - INFO - Req!!!
28.11.2021, 20:26:47 - INFO - Req!!!
28.11.2021, 20:26:49 - INFO - Req!!!
28.11.2021, 20:26:49 - INFO - Req!!!
28.11.2021, 20:26:52 - INFO - Req!!!
28.11.2021, 20:26:52 - INFO - Req!!!
28.11.2021, 20:27:01 - INFO - Req!!!
28.11.2021, 20:27:01 - INFO - Req!!!
28.11.2021, 20:29:04 - INFO - Req!!!
28.11.2021, 20:29:04 - INFO - Req!!!
28.11.2021, 20:29:55 - INFO - Req!!!
28.11.2021, 20:29:55 - INFO - Req!!!
28.11.2021, 20:29:56 - INFO - Req!!!
28.11.2021, 20:29:56 - INFO - Req!!!
28.11.2021, 20:29:56 - INFO - Req!!!
28.11.2021, 20:29:57 - INFO - Req!!!
28.11.2021, 20:29:57 - INFO - Req!!!
28.11.2021, 20:29:57 - INFO - Req!!!
28.11.2021, 20:29:58 - INFO - Req!!!
28.11.2021, 20:29:59 - INFO - Req!!!
28.11.2021, 20:30:00 - INFO - Req!!!
28.11.2021, 20:30:01 - INFO - Req!!!
28.11.2021, 20:33:00 - INFO - Req!!!
28.11.2021, 20:33:00 - INFO - Req!!!
28.11.2021, 20:33:10 - DEBUG - auth.service - login with username: koren
28.11.2021, 20:33:11 - INFO - Req!!!
28.11.2021, 20:33:11 - INFO - Req!!!
28.11.2021, 20:34:08 - INFO - Req!!!
28.11.2021, 20:34:08 - INFO - Req!!!
28.11.2021, 20:34:11 - INFO - Req!!!
28.11.2021, 20:34:11 - INFO - Req!!!
28.11.2021, 20:34:14 - INFO - Req!!!
28.11.2021, 20:34:14 - INFO - Req!!!
28.11.2021, 20:34:25 - INFO - Req!!!
28.11.2021, 20:34:25 - INFO - Req!!!
28.11.2021, 20:34:27 - INFO - Req!!!
28.11.2021, 20:34:28 - INFO - Req!!!
28.11.2021, 20:34:50 - INFO - Req!!!
28.11.2021, 20:34:50 - INFO - Req!!!
28.11.2021, 20:34:53 - INFO - Req!!!
28.11.2021, 20:34:53 - INFO - Req!!!
28.11.2021, 20:35:12 - INFO - Req!!!
28.11.2021, 20:35:12 - INFO - Req!!!
28.11.2021, 20:35:15 - INFO - Req!!!
28.11.2021, 20:35:15 - INFO - Req!!!
28.11.2021, 20:35:16 - INFO - Req!!!
28.11.2021, 20:35:16 - INFO - Req!!!
28.11.2021, 20:35:21 - INFO - Req!!!
28.11.2021, 20:35:21 - INFO - Req!!!
28.11.2021, 20:35:27 - INFO - Req!!!
28.11.2021, 20:35:27 - INFO - Req!!!
28.11.2021, 20:35:33 - INFO - Req!!!
28.11.2021, 20:35:33 - INFO - Req!!!
28.11.2021, 20:35:45 - INFO - Req!!!
28.11.2021, 20:35:45 - INFO - Req!!!
28.11.2021, 20:35:55 - INFO - Req!!!
28.11.2021, 20:35:55 - INFO - Req!!!
28.11.2021, 20:35:56 - INFO - Req!!!
28.11.2021, 20:35:56 - INFO - Req!!!
28.11.2021, 20:35:56 - INFO - Req!!!
28.11.2021, 20:35:57 - INFO - Req!!!
28.11.2021, 20:50:02 - INFO - Req!!!
28.11.2021, 20:50:02 - INFO - Req!!!
28.11.2021, 20:50:03 - INFO - Req!!!
28.11.2021, 20:50:03 - INFO - Req!!!
28.11.2021, 20:50:04 - INFO - Req!!!
28.11.2021, 20:50:04 - INFO - Req!!!
28.11.2021, 20:50:08 - INFO - Req!!!
28.11.2021, 20:50:08 - INFO - Req!!!
28.11.2021, 20:50:08 - INFO - Req!!!
28.11.2021, 20:50:08 - INFO - Req!!!
28.11.2021, 20:50:09 - INFO - Req!!!
28.11.2021, 20:50:09 - INFO - Req!!!
28.11.2021, 20:50:10 - INFO - Req!!!
28.11.2021, 20:50:10 - INFO - Req!!!
28.11.2021, 20:50:16 - INFO - Req!!!
28.11.2021, 20:50:16 - INFO - Req!!!
28.11.2021, 20:56:47 - INFO - Req!!!
28.11.2021, 20:56:47 - INFO - Req!!!
28.11.2021, 20:56:48 - INFO - Req!!!
28.11.2021, 20:56:48 - INFO - Req!!!
28.11.2021, 20:57:22 - INFO - Req!!!
28.11.2021, 20:57:22 - INFO - Req!!!
28.11.2021, 20:58:31 - INFO - Req!!!
28.11.2021, 20:58:31 - INFO - Req!!!
28.11.2021, 20:58:49 - INFO - Req!!!
28.11.2021, 20:58:49 - INFO - Req!!!
28.11.2021, 21:04:30 - INFO - Req!!!
28.11.2021, 21:04:30 - INFO - Req!!!
28.11.2021, 21:05:10 - INFO - Req!!!
28.11.2021, 21:05:10 - INFO - Req!!!
28.11.2021, 21:05:13 - INFO - Req!!!
28.11.2021, 21:06:08 - INFO - Req!!!
28.11.2021, 21:06:08 - INFO - Req!!!
28.11.2021, 21:06:20 - INFO - Req!!!
28.11.2021, 21:06:20 - INFO - Req!!!
28.11.2021, 21:07:01 - INFO - Req!!!
28.11.2021, 21:07:01 - INFO - Req!!!
28.11.2021, 21:07:03 - INFO - Req!!!
28.11.2021, 21:07:03 - INFO - Req!!!
28.11.2021, 21:07:12 - INFO - Req!!!
28.11.2021, 21:07:12 - INFO - Req!!!
28.11.2021, 21:07:13 - INFO - Req!!!
28.11.2021, 21:07:13 - INFO - Req!!!
28.11.2021, 21:07:14 - INFO - Req!!!
28.11.2021, 21:07:14 - INFO - Req!!!
28.11.2021, 21:07:23 - INFO - Req!!!
28.11.2021, 21:07:23 - INFO - Req!!!
28.11.2021, 21:07:24 - INFO - Req!!!
28.11.2021, 21:07:24 - INFO - Req!!!
28.11.2021, 21:07:28 - INFO - Req!!!
28.11.2021, 21:07:28 - INFO - Req!!!
28.11.2021, 21:07:32 - INFO - Req!!!
28.11.2021, 21:07:32 - INFO - Req!!!
28.11.2021, 21:07:36 - INFO - Req!!!
28.11.2021, 21:07:36 - INFO - Req!!!
28.11.2021, 21:07:41 - INFO - Req!!!
28.11.2021, 21:07:41 - INFO - Req!!!
28.11.2021, 21:08:11 - INFO - Req!!!
28.11.2021, 21:08:11 - INFO - Req!!!
28.11.2021, 21:08:13 - INFO - Req!!!
28.11.2021, 21:08:34 - INFO - Req!!!
28.11.2021, 21:08:34 - INFO - Req!!!
28.11.2021, 21:09:30 - INFO - Req!!!
28.11.2021, 21:09:30 - INFO - Req!!!
28.11.2021, 21:09:36 - INFO - Req!!!
28.11.2021, 21:09:36 - INFO - Req!!!
28.11.2021, 21:09:41 - INFO - Req!!!
28.11.2021, 21:09:41 - INFO - Req!!!
28.11.2021, 21:09:42 - INFO - Req!!!
28.11.2021, 21:09:42 - INFO - Req!!!
28.11.2021, 21:09:45 - INFO - Req!!!
28.11.2021, 21:09:45 - INFO - Req!!!
28.11.2021, 21:09:46 - INFO - Req!!!
28.11.2021, 21:09:46 - INFO - Req!!!
28.11.2021, 21:10:05 - INFO - Req!!!
28.11.2021, 21:10:05 - INFO - Req!!!
28.11.2021, 21:10:34 - INFO - Req!!!
28.11.2021, 21:10:34 - INFO - Req!!!
28.11.2021, 21:10:35 - INFO - Req!!!
28.11.2021, 21:10:35 - INFO - Req!!!
28.11.2021, 21:11:08 - INFO - Req!!!
28.11.2021, 21:11:08 - INFO - Req!!!
28.11.2021, 21:11:13 - INFO - Req!!!
28.11.2021, 21:11:13 - INFO - Req!!!
28.11.2021, 21:11:19 - INFO - Req!!!
28.11.2021, 21:11:19 - INFO - Req!!!
28.11.2021, 21:11:26 - INFO - Req!!!
28.11.2021, 21:11:26 - INFO - Req!!!
28.11.2021, 21:11:27 - INFO - Req!!!
28.11.2021, 21:11:27 - INFO - Req!!!
28.11.2021, 21:12:22 - INFO - Req!!!
28.11.2021, 21:12:23 - INFO - Req!!!
28.11.2021, 21:12:25 - INFO - Req!!!
28.11.2021, 21:12:25 - INFO - Req!!!
28.11.2021, 21:12:29 - INFO - Req!!!
28.11.2021, 21:12:29 - INFO - Req!!!
28.11.2021, 21:12:30 - INFO - Req!!!
28.11.2021, 21:12:30 - INFO - Req!!!
28.11.2021, 21:12:31 - INFO - Req!!!
28.11.2021, 21:12:32 - INFO - Req!!!
28.11.2021, 21:12:32 - INFO - Req!!!
28.11.2021, 21:12:32 - INFO - Req!!!
28.11.2021, 21:12:33 - INFO - Req!!!
28.11.2021, 21:12:33 - INFO - Req!!!
28.11.2021, 21:13:07 - INFO - Req!!!
28.11.2021, 21:13:07 - INFO - Req!!!
28.11.2021, 21:13:26 - INFO - Req!!!
28.11.2021, 21:13:26 - INFO - Req!!!
28.11.2021, 21:13:27 - INFO - Req!!!
28.11.2021, 21:13:27 - INFO - Req!!!
28.11.2021, 21:13:28 - INFO - Req!!!
28.11.2021, 21:13:28 - INFO - Req!!!
28.11.2021, 21:13:29 - INFO - Req!!!
28.11.2021, 21:13:29 - INFO - Req!!!
28.11.2021, 21:13:31 - INFO - Req!!!
28.11.2021, 21:13:31 - INFO - Req!!!
28.11.2021, 21:13:33 - INFO - Req!!!
28.11.2021, 21:13:33 - INFO - Req!!!
28.11.2021, 21:13:53 - INFO - Req!!!
28.11.2021, 21:13:53 - INFO - Req!!!
28.11.2021, 21:13:54 - INFO - Req!!!
28.11.2021, 21:13:54 - INFO - Req!!!
28.11.2021, 21:13:55 - INFO - Req!!!
28.11.2021, 21:13:55 - INFO - Req!!!
28.11.2021, 21:14:02 - INFO - Req!!!
28.11.2021, 21:14:02 - INFO - Req!!!
28.11.2021, 21:14:03 - INFO - Req!!!
28.11.2021, 21:14:03 - INFO - Req!!!
28.11.2021, 21:14:06 - INFO - Req!!!
28.11.2021, 21:14:06 - INFO - Req!!!
28.11.2021, 21:14:10 - INFO - Req!!!
28.11.2021, 21:14:10 - INFO - Req!!!
28.11.2021, 21:14:41 - INFO - Req!!!
28.11.2021, 21:14:41 - INFO - Req!!!
28.11.2021, 21:15:55 - INFO - Req!!!
28.11.2021, 21:15:55 - INFO - Req!!!
28.11.2021, 21:17:33 - INFO - Req!!!
28.11.2021, 21:17:33 - INFO - Req!!!
28.11.2021, 21:18:40 - INFO - Req!!!
28.11.2021, 21:18:40 - INFO - Req!!!
28.11.2021, 21:18:45 - INFO - Req!!!
28.11.2021, 21:18:45 - INFO - Req!!!
28.11.2021, 21:20:28 - INFO - Req!!!
28.11.2021, 21:20:29 - INFO - Req!!!
28.11.2021, 21:21:15 - INFO - Req!!!
28.11.2021, 21:21:15 - INFO - Req!!!
28.11.2021, 21:21:41 - INFO - Req!!!
28.11.2021, 21:21:41 - INFO - Req!!!
28.11.2021, 21:23:02 - INFO - Req!!!
28.11.2021, 21:23:02 - INFO - Req!!!
28.11.2021, 21:23:06 - INFO - Req!!!
28.11.2021, 21:23:06 - INFO - Req!!!
28.11.2021, 21:23:12 - INFO - Req!!!
28.11.2021, 21:23:13 - INFO - Req!!!
28.11.2021, 21:23:16 - INFO - Req!!!
28.11.2021, 21:23:16 - INFO - Req!!!
28.11.2021, 21:23:22 - INFO - Req!!!
28.11.2021, 21:23:22 - INFO - Req!!!
28.11.2021, 21:23:25 - INFO - Req!!!
28.11.2021, 21:23:25 - INFO - Req!!!
28.11.2021, 21:24:34 - INFO - Req!!!
28.11.2021, 21:24:34 - INFO - Req!!!
28.11.2021, 21:24:40 - INFO - Req!!!
28.11.2021, 21:24:40 - INFO - Req!!!
28.11.2021, 21:25:15 - DEBUG - auth.service - login with username: koren
28.11.2021, 21:25:16 - INFO - Req!!!
28.11.2021, 21:25:16 - INFO - Req!!!
29.11.2021, 13:16:34 - INFO - Server is running on port: 3000
29.11.2021, 13:16:45 - DEBUG - auth.service - login with username: koren
29.11.2021, 13:16:48 - INFO - Req!!!
29.11.2021, 13:16:48 - INFO - Req!!!
29.11.2021, 13:17:04 - DEBUG - auth.service - login with username: koren
29.11.2021, 13:17:04 - INFO - Req!!!
29.11.2021, 13:17:04 - INFO - Req!!!
29.11.2021, 13:17:19 - ERROR - while finding toy undefined | {}
29.11.2021, 13:17:19 - ERROR - Failed to get toy | {}
29.11.2021, 13:17:24 - ERROR - while finding toy undefined | {}
29.11.2021, 13:17:24 - ERROR - Failed to get toy | {}
29.11.2021, 13:17:28 - INFO - Req!!!
29.11.2021, 13:17:28 - INFO - Req!!!
29.11.2021, 13:23:43 - DEBUG - auth.service - login with username: koren
29.11.2021, 13:23:43 - INFO - Req!!!
29.11.2021, 13:23:43 - INFO - Req!!!
29.11.2021, 13:24:10 - ERROR - while finding toy undefined | {}
29.11.2021, 13:24:10 - ERROR - Failed to get toy | {}
29.11.2021, 13:24:56 - ERROR - while finding toy undefined | {}
29.11.2021, 13:24:56 - ERROR - Failed to get toy | {}
29.11.2021, 13:25:35 - ERROR - while finding toy undefined | {}
29.11.2021, 13:25:35 - ERROR - Failed to get toy | {}
29.11.2021, 13:25:36 - ERROR - while finding toy undefined | {}
29.11.2021, 13:25:36 - ERROR - Failed to get toy | {}
29.11.2021, 13:25:38 - ERROR - while finding toy undefined | {}
29.11.2021, 13:25:38 - ERROR - Failed to get toy | {}
29.11.2021, 13:25:39 - ERROR - while finding toy undefined | {}
29.11.2021, 13:25:39 - ERROR - Failed to get toy | {}
29.11.2021, 13:26:35 - ERROR - while finding toy undefined | {}
29.11.2021, 13:26:35 - ERROR - Failed to get toy | {}
29.11.2021, 13:26:41 - ERROR - while finding toy undefined | {}
29.11.2021, 13:26:41 - ERROR - Failed to get toy | {}
29.11.2021, 13:26:42 - ERROR - while finding toy undefined | {}
29.11.2021, 13:26:42 - ERROR - Failed to get toy | {}
29.11.2021, 13:27:01 - INFO - Req!!!
29.11.2021, 13:27:01 - INFO - Req!!!
29.11.2021, 13:27:02 - INFO - Req!!!
29.11.2021, 13:27:02 - INFO - Req!!!
29.11.2021, 13:27:04 - INFO - Req!!!
29.11.2021, 13:27:08 - INFO - Req!!!
29.11.2021, 13:27:09 - INFO - Req!!!
29.11.2021, 13:29:22 - INFO - Server is running on port: 3000
29.11.2021, 13:29:23 - INFO - Server is running on port: 3000
29.11.2021, 13:29:24 - INFO - Server is running on port: 3000
29.11.2021, 13:29:24 - INFO - Server is running on port: 3000
29.11.2021, 13:29:25 - INFO - Server is running on port: 3000
29.11.2021, 13:29:27 - INFO - Server is running on port: 3000
29.11.2021, 13:29:31 - INFO - Server is running on port: 3000
29.11.2021, 13:29:44 - DEBUG - auth.service - login with username: koren
29.11.2021, 13:29:45 - INFO - Req!!!
29.11.2021, 13:29:46 - INFO - Req!!!
29.11.2021, 13:30:03 - INFO - Server is running on port: 3000
29.11.2021, 13:30:04 - INFO - Server is running on port: 3000
29.11.2021, 13:30:18 - DEBUG - auth.service - login with username: koren
29.11.2021, 13:30:19 - INFO - Req!!!
29.11.2021, 13:30:19 - INFO - Req!!!
29.11.2021, 13:33:10 - INFO - Server is running on port: 3000
29.11.2021, 13:33:12 - INFO - Server is running on port: 3000
29.11.2021, 13:33:13 - INFO - Server is running on port: 3000
29.11.2021, 13:33:14 - INFO - Server is running on port: 3000
29.11.2021, 13:33:15 - INFO - Server is running on port: 3000
29.11.2021, 13:33:15 - INFO - Server is running on port: 3000
29.11.2021, 13:33:17 - INFO - Server is running on port: 3000
29.11.2021, 13:33:25 - DEBUG - auth.service - login with username: koren
29.11.2021, 13:33:26 - INFO - Req!!!
29.11.2021, 13:33:26 - INFO - Req!!!
29.11.2021, 13:34:09 - INFO - Server is running on port: 3000
29.11.2021, 13:34:13 - INFO - Server is running on port: 3000
29.11.2021, 13:34:13 - INFO - Server is running on port: 3000
29.11.2021, 13:34:18 - INFO - Server is running on port: 3000
29.11.2021, 13:34:19 - INFO - Server is running on port: 3000
29.11.2021, 13:34:24 - INFO - Server is running on port: 3000
29.11.2021, 13:34:27 - INFO - Server is running on port: 3000
29.11.2021, 13:34:34 - DEBUG - auth.service - login with username: koren
29.11.2021, 13:34:34 - ERROR - Failed to Login Invalid username or password user
29.11.2021, 13:34:47 - DEBUG - auth.service - login with username: koren
29.11.2021, 13:34:48 - INFO - Req!!!
29.11.2021, 13:34:48 - INFO - Req!!!
29.11.2021, 14:15:42 - DEBUG - auth.service - login with username: 
29.11.2021, 14:15:42 - ERROR - Failed to Login TypeError: Cannot read properties of null (reading 'password')
29.11.2021, 14:15:50 - DEBUG - auth.service - login with username: koren
29.11.2021, 14:15:51 - INFO - Req!!!
29.11.2021, 14:15:51 - INFO - Req!!!
29.11.2021, 14:16:29 - DEBUG - auth.service - login with username: koren
29.11.2021, 14:16:29 - ERROR - Failed to Login Invalid username or password user
29.11.2021, 14:16:38 - DEBUG - auth.service - login with username: koren
29.11.2021, 14:16:38 - INFO - Req!!!
29.11.2021, 14:16:38 - INFO - Req!!!
29.11.2021, 14:26:44 - DEBUG - auth.service - login with username: puki
29.11.2021, 14:26:44 - ERROR - Failed to Login TypeError: Cannot read properties of null (reading 'password')
29.11.2021, 14:28:41 - DEBUG - auth.service - signup with username: undefined, fullname: undefined
29.11.2021, 14:28:41 - ERROR - Failed to signup fullname, username and password are required!
29.11.2021, 14:30:12 - INFO - Server is running on port: 3000
29.11.2021, 14:30:35 - INFO - Server is running on port: 3000
29.11.2021, 14:30:36 - INFO - Server is running on port: 3000
29.11.2021, 14:30:36 - INFO - Server is running on port: 3000
29.11.2021, 14:30:38 - INFO - Server is running on port: 3000
29.11.2021, 14:30:40 - INFO - Server is running on port: 3000
29.11.2021, 14:30:44 - INFO - Server is running on port: 3000
29.11.2021, 14:30:45 - INFO - Server is running on port: 3000
29.11.2021, 14:30:46 - INFO - Server is running on port: 3000
29.11.2021, 14:30:47 - INFO - Server is running on port: 3000
29.11.2021, 14:30:48 - INFO - Server is running on port: 3000
29.11.2021, 14:30:48 - INFO - Server is running on port: 3000
29.11.2021, 14:31:03 - DEBUG - auth.service - signup with username: undefined, fullname: undefined
29.11.2021, 14:31:03 - ERROR - Failed to signup fullname, username and password are required!
29.11.2021, 14:31:28 - INFO - Server is running on port: 3000
29.11.2021, 14:31:29 - INFO - Server is running on port: 3000
29.11.2021, 14:31:30 - INFO - Server is running on port: 3000
29.11.2021, 14:31:34 - INFO - Server is running on port: 3000
29.11.2021, 14:31:36 - INFO - Server is running on port: 3000
29.11.2021, 14:31:39 - DEBUG - auth.service - signup with username: undefined, fullname: undefined
29.11.2021, 14:31:39 - ERROR - Failed to signup fullname, username and password are required!
29.11.2021, 14:32:48 - DEBUG - auth.service - signup with username: undefined, fullname: undefined
29.11.2021, 14:32:48 - ERROR - Failed to signup fullname, username and password are required!
29.11.2021, 14:35:19 - DEBUG - auth.service - signup with username: puki, fullname: puki levi
29.11.2021, 14:35:20 - DEBUG - auth.route - new account created: {"username":"puki","password":"$2b$10$zsUQo8Vjv7/7dqMf9RLOKeJHVektTuZ8oYDLUpc67zLhnTxo3u4qO","fullname":"puki levi","score":0,"_id":"61a4c908264b1b66f8260dbf"}
29.11.2021, 14:35:20 - DEBUG - auth.service - login with username: puki
29.11.2021, 14:35:20 - ERROR - Failed to signup Invalid username or password user
29.11.2021, 14:36:18 - INFO - Server is running on port: 3000
29.11.2021, 14:36:19 - INFO - Server is running on port: 3000
29.11.2021, 14:36:20 - INFO - Server is running on port: 3000
29.11.2021, 14:36:21 - INFO - Server is running on port: 3000
29.11.2021, 14:36:24 - DEBUG - auth.service - signup with username: puki, fullname: puki levi
29.11.2021, 14:36:25 - DEBUG - auth.route - new account created: {"username":"puki","password":"$2b$10$8mKIPUZVL0bJWgin.2scO.s3dSYV2pSGZVMARgOVUYKQ8HjojMzV.","fullname":"puki levi","score":0,"_id":"61a4c94937ad4861e442d7bb"}
29.11.2021, 14:36:25 - DEBUG - auth.service - login with username: puki
29.11.2021, 14:36:25 - ERROR - Failed to signup Invalid username or password user
29.11.2021, 14:37:02 - INFO - Server is running on port: 3000
29.11.2021, 14:37:28 - DEBUG - auth.service - login with username: puki
29.11.2021, 14:37:30 - ERROR - Failed to Login Invalid username or password user
29.11.2021, 14:37:40 - DEBUG - auth.service - signup with username: puki, fullname: puki levi
29.11.2021, 14:37:41 - DEBUG - auth.route - new account created: {"username":"puki","password":"$2b$12$/Xf5X1b2VeAEe8laMPZWDelCrcKO790YTwDwQEoeWViRsUmnNBJxy","fullname":"puki levi","score":0,"_id":"61a4c995024dcd3f54dc18c2"}
29.11.2021, 14:37:41 - DEBUG - auth.service - login with username: puki
29.11.2021, 14:37:41 - ERROR - Failed to signup Invalid username or password user
29.11.2021, 14:57:10 - DEBUG - auth.service - login with username: koko
29.11.2021, 14:57:10 - ERROR - Failed to Login TypeError: Cannot read properties of null (reading 'password')
29.11.2021, 14:57:18 - DEBUG - auth.service - login with username: koren
29.11.2021, 14:57:19 - INFO - Req!!!
29.11.2021, 14:57:19 - INFO - Req!!!
29.11.2021, 14:57:32 - INFO - Req!!!
29.11.2021, 14:57:33 - INFO - Req!!!
29.11.2021, 14:59:08 - ERROR - while finding toy undefined | {}
29.11.2021, 14:59:08 - ERROR - Failed to get toy | {}
29.11.2021, 14:59:13 - ERROR - while finding toy undefined | {}
29.11.2021, 14:59:13 - ERROR - Failed to get toy | {}
29.11.2021, 14:59:14 - INFO - Req!!!
29.11.2021, 14:59:14 - INFO - Req!!!
29.11.2021, 14:59:15 - INFO - Req!!!
29.11.2021, 14:59:15 - INFO - Req!!!
29.11.2021, 15:00:38 - INFO - Req!!!
29.11.2021, 15:00:38 - INFO - Req!!!
29.11.2021, 15:19:47 - INFO - Req!!!
29.11.2021, 15:19:47 - INFO - Req!!!
29.11.2021, 15:22:23 - INFO - Req!!!
29.11.2021, 15:22:23 - INFO - Req!!!
29.11.2021, 15:22:42 - INFO - Req!!!
29.11.2021, 15:22:43 - INFO - Req!!!
29.11.2021, 15:23:17 - INFO - Req!!!
29.11.2021, 15:23:17 - INFO - Req!!!
29.11.2021, 15:40:10 - INFO - Server is running on port: 3000
29.11.2021, 15:40:18 - INFO - Server is running on port: 3000
29.11.2021, 15:42:46 - DEBUG - auth.service - signup with username: puki, fullname: puki levi
29.11.2021, 15:42:47 - DEBUG - auth.route - new account created: {"username":"puki","password":"$2b$12$y01.xMLXvWVwjccXr3gmZuOqAph8xKOX0MV8.gPlf51mGvDgoWtOa","fullname":"puki levi","isAdmin":false,"score":0,"_id":"61a4d8d7490d3b30540a21fd"}
29.11.2021, 15:42:47 - DEBUG - auth.service - login with username: puki
29.11.2021, 15:42:47 - ERROR - Failed to signup Invalid username or password user
29.11.2021, 15:46:35 - INFO - Server is running on port: 3000
29.11.2021, 15:46:36 - INFO - Server is running on port: 3000
29.11.2021, 15:46:36 - INFO - Server is running on port: 3000
29.11.2021, 15:46:38 - INFO - Server is running on port: 3000
29.11.2021, 15:47:49 - DEBUG - auth.service - signup with username: puki, fullname: puki levi
29.11.2021, 15:47:50 - DEBUG - auth.route - new account created: {"username":"puki","password":"$2b$12$RLNf7IVSNsd2yGFFOcHaguWni0k5mDoxrHyezmIVzd.SIQrW1Nx.G","fullname":"puki levi","isAdmin":false,"score":0,"_id":"61a4da0626eb99294c70e269"}
29.11.2021, 15:47:50 - DEBUG - auth.service - login with username: puki
29.11.2021, 15:47:50 - ERROR - Failed to signup Invalid username or password user
29.11.2021, 15:53:49 - INFO - Server is running on port: 3000
29.11.2021, 15:53:54 - INFO - Server is running on port: 3000
29.11.2021, 15:53:58 - INFO - Server is running on port: 3000
29.11.2021, 15:53:59 - INFO - Server is running on port: 3000
29.11.2021, 15:54:00 - INFO - Server is running on port: 3000
29.11.2021, 15:54:11 - INFO - Server is running on port: 3000
29.11.2021, 15:54:14 - INFO - Server is running on port: 3000
29.11.2021, 15:54:15 - INFO - Server is running on port: 3000
29.11.2021, 15:54:17 - INFO - Server is running on port: 3000
29.11.2021, 15:54:17 - INFO - Server is running on port: 3000
29.11.2021, 15:54:19 - INFO - Server is running on port: 3000
29.11.2021, 15:54:22 - INFO - Server is running on port: 3000
29.11.2021, 15:54:25 - INFO - Server is running on port: 3000
29.11.2021, 15:56:11 - INFO - Server is running on port: 3000
29.11.2021, 15:56:17 - DEBUG - auth.service - login with username: ff
29.11.2021, 15:56:18 - ERROR - Failed to Login TypeError: Cannot read properties of null (reading 'password')
29.11.2021, 15:56:27 - DEBUG - auth.service - login with username: ff
29.11.2021, 15:56:27 - ERROR - Failed to Login TypeError: Cannot read properties of null (reading 'password')
29.11.2021, 15:57:14 - INFO - Server is running on port: 3000
29.11.2021, 15:57:14 - INFO - Server is running on port: 3000
29.11.2021, 15:57:15 - INFO - Server is running on port: 3000
29.11.2021, 15:57:16 - INFO - Server is running on port: 3000
29.11.2021, 15:57:17 - INFO - Server is running on port: 3000
29.11.2021, 15:57:17 - INFO - Server is running on port: 3000
29.11.2021, 15:57:20 - INFO - Server is running on port: 3000
29.11.2021, 15:57:26 - DEBUG - auth.service - login with username: koren
29.11.2021, 15:57:27 - INFO - Req!!!
29.11.2021, 15:57:27 - INFO - Req!!!
29.11.2021, 16:03:27 - INFO - Server is running on port: 3000
29.11.2021, 16:03:29 - INFO - Server is running on port: 3000
29.11.2021, 16:03:32 - INFO - Server is running on port: 3000
29.11.2021, 16:04:07 - INFO - Server is running on port: 3000
29.11.2021, 16:05:54 - INFO - Server is running on port: 3000
29.11.2021, 16:05:58 - INFO - Server is running on port: 3000
29.11.2021, 16:05:59 - INFO - Server is running on port: 3000
29.11.2021, 16:08:34 - INFO - Server is running on port: 3000
29.11.2021, 16:08:45 - DEBUG - auth.service - login with username: koren
29.11.2021, 16:08:47 - INFO - Req!!!
29.11.2021, 16:08:47 - INFO - Req!!!
29.11.2021, 16:09:32 - DEBUG - auth.service - signup with username: puki, fullname: puki levi
29.11.2021, 16:09:32 - DEBUG - auth.route - new account created: {"username":"puki","password":"$2b$12$LhxNCVKo1wVK41v4iRz.wOEGnGqvoPCnj4xuKqmZz7s6c7.uN0s.y","fullname":"puki levi","isAdmin":false,"score":0,"_id":"61a4df1cac4c9f6b10c9f052"}
29.11.2021, 16:09:32 - DEBUG - auth.service - login with username: puki
29.11.2021, 16:09:33 - INFO - Req!!!
29.11.2021, 16:09:33 - INFO - Req!!!
29.11.2021, 16:09:53 - DEBUG - auth.service - login with username: puki
29.11.2021, 16:09:53 - INFO - Req!!!
29.11.2021, 16:09:53 - INFO - Req!!!
29.11.2021, 16:10:18 - INFO - Server is running on port: 3000
29.11.2021, 16:10:19 - INFO - Server is running on port: 3000
29.11.2021, 16:10:21 - INFO - Server is running on port: 3000
29.11.2021, 16:10:33 - INFO - Server is running on port: 3000
29.11.2021, 16:10:35 - INFO - Server is running on port: 3000
29.11.2021, 16:11:43 - INFO - Server is running on port: 3000
29.11.2021, 16:11:47 - INFO - Server is running on port: 3000
29.11.2021, 16:11:48 - INFO - Server is running on port: 3000
29.11.2021, 16:12:27 - INFO - Server is running on port: 3000
29.11.2021, 16:12:28 - INFO - Server is running on port: 3000
29.11.2021, 16:12:31 - INFO - Server is running on port: 3000
29.11.2021, 16:12:31 - INFO - Server is running on port: 3000
29.11.2021, 16:12:37 - INFO - Server is running on port: 3000
29.11.2021, 16:12:40 - INFO - Server is running on port: 3000
29.11.2021, 16:12:45 - INFO - Server is running on port: 3000
29.11.2021, 16:12:48 - INFO - Server is running on port: 3000
29.11.2021, 16:12:48 - INFO - Server is running on port: 3000
29.11.2021, 16:13:14 - DEBUG - auth.service - login with username: puki
29.11.2021, 16:13:15 - ERROR - Failed to Login Invalid username or password user
29.11.2021, 16:13:19 - DEBUG - auth.service - login with username: puki
29.11.2021, 16:13:19 - ERROR - Failed to Login Invalid username or password user
29.11.2021, 16:13:23 - DEBUG - auth.service - login with username: puki
29.11.2021, 16:13:23 - ERROR - Failed to Login Invalid username or password user
29.11.2021, 16:14:07 - INFO - Server is running on port: 3000
29.11.2021, 16:14:08 - INFO - Server is running on port: 3000
29.11.2021, 16:14:48 - DEBUG - auth.service - signup with username: puki, fullname: puki levi
29.11.2021, 16:14:49 - DEBUG - auth.route - new account created: {"username":"puki","password":"$2b$10$oBQkk8V3pGM.eYq3TV1BEeO3fvGYex5CEQ5BDXThajhn26pNwhk7K","fullname":"puki levi","isAdmin":false,"score":0,"_id":"61a4e0594f66e829b87c72ea"}
29.11.2021, 16:14:49 - DEBUG - auth.service - login with username: puki
29.11.2021, 16:14:49 - INFO - Req!!!
29.11.2021, 16:14:49 - INFO - Req!!!
29.11.2021, 16:15:24 - DEBUG - auth.service - login with username: puki
29.11.2021, 16:15:24 - INFO - Req!!!
29.11.2021, 16:15:24 - INFO - Req!!!
29.11.2021, 16:15:53 - INFO - Server is running on port: 3000
29.11.2021, 16:15:58 - INFO - Server is running on port: 3000
29.11.2021, 16:15:59 - INFO - Server is running on port: 3000
29.11.2021, 16:16:49 - INFO - Server is running on port: 3000
29.11.2021, 16:16:49 - INFO - Server is running on port: 3000
29.11.2021, 16:18:14 - DEBUG - auth.service - signup with username: aa, fullname: aa
29.11.2021, 16:18:16 - DEBUG - auth.route - new account created: {"username":"aa","password":"$2b$10$D7xLqYBJk.1l8Pii8BYdE.BRxj.mUURCzfiANov7ZiTjA60gxUmrK","fullname":"aa","isAdmin":false,"score":0,"_id":"61a4e12735611d6f94135173"}
29.11.2021, 16:18:16 - DEBUG - auth.service - login with username: aa
29.11.2021, 16:18:16 - INFO - Req!!!
29.11.2021, 16:18:16 - INFO - Req!!!
29.11.2021, 16:20:20 - DEBUG - auth.service - login with username: aa
29.11.2021, 16:20:20 - INFO - Req!!!
29.11.2021, 16:20:20 - INFO - Req!!!
29.11.2021, 16:21:56 - DEBUG - auth.service - login with username: aa
29.11.2021, 16:21:56 - INFO - Req!!!
29.11.2021, 16:21:56 - INFO - Req!!!
29.11.2021, 16:26:09 - INFO - Server is running on port: 3000
29.11.2021, 16:26:13 - INFO - Server is running on port: 3000
29.11.2021, 16:26:13 - INFO - Server is running on port: 3000
29.11.2021, 16:26:23 - DEBUG - auth.service - login with username: aa
29.11.2021, 16:26:24 - ERROR - Failed to Login Error: data and hash arguments required
29.11.2021, 16:26:30 - DEBUG - auth.service - login with username: koren
29.11.2021, 16:26:30 - ERROR - Failed to Login Error: data and hash arguments required
29.11.2021, 16:26:58 - DEBUG - auth.service - login with username: puki
29.11.2021, 16:26:58 - ERROR - Failed to Login Error: data and hash arguments required
29.11.2021, 16:27:27 - DEBUG - auth.service - signup with username: puki, fullname: puki levi
29.11.2021, 16:27:27 - DEBUG - auth.route - new account created: {"username":"puki","password":"$2b$10$9KPqVyzOiKA6iAgoJyT/zuFbT.iphviLm3bSPDuiTcRFmhJlUBbS.","fullname":"puki levi","isAdmin":false,"score":0,"_id":"61a4e34f43ce6cb9f0afcba6"}
29.11.2021, 16:27:27 - DEBUG - auth.service - login with username: puki
29.11.2021, 16:27:27 - ERROR - Failed to signup Error: data and hash arguments required
29.11.2021, 16:28:48 - INFO - Server is running on port: 3000
29.11.2021, 16:29:16 - INFO - Server is running on port: 3000
29.11.2021, 16:29:27 - DEBUG - auth.service - login with username: puki
29.11.2021, 16:29:28 - INFO - Req!!!
29.11.2021, 16:29:28 - INFO - Req!!!
29.11.2021, 16:29:36 - DEBUG - auth.service - login with username: puki
29.11.2021, 16:29:36 - ERROR - Failed to Login Invalid username or password pass
29.11.2021, 16:29:43 - INFO - Req!!!
29.11.2021, 16:29:43 - INFO - Req!!!
29.11.2021, 16:29:44 - INFO - Req!!!
29.11.2021, 16:29:45 - INFO - Req!!!
29.11.2021, 16:30:29 - INFO - Server is running on port: 3000
29.11.2021, 16:31:05 - DEBUG - auth.service - signup with username: koren, fullname: koren levi
29.11.2021, 16:31:06 - DEBUG - auth.route - new account created: {"username":"koren","password":"$2b$10$SXXu1ROxOknqu7t/0jyoMeqc4iApg/8MI1Rrbhh6ChuBPx5AhIlVq","fullname":"koren levi","isAdmin":true,"score":0,"_id":"61a4e42ac5df9aac209f33cd"}
29.11.2021, 16:31:06 - DEBUG - auth.service - login with username: koren
29.11.2021, 16:31:06 - INFO - Req!!!
29.11.2021, 16:31:06 - INFO - Req!!!
29.11.2021, 16:31:17 - INFO - Server is running on port: 3000
29.11.2021, 16:31:22 - INFO - Req!!!
29.11.2021, 16:31:23 - INFO - Req!!!
29.11.2021, 16:31:32 - INFO - Req!!!
29.11.2021, 16:31:32 - INFO - Req!!!
29.11.2021, 16:31:39 - DEBUG - auth.service - login with username: koren
29.11.2021, 16:31:39 - INFO - Req!!!
29.11.2021, 16:31:39 - INFO - Req!!!
29.11.2021, 16:31:54 - INFO - Req!!!
29.11.2021, 16:31:54 - INFO - Req!!!
29.11.2021, 16:32:07 - DEBUG - auth.service - login with username: koren
29.11.2021, 16:32:07 - INFO - Req!!!
29.11.2021, 16:32:07 - INFO - Req!!!
29.11.2021, 16:32:21 - DEBUG - auth.service - signup with username: puki, fullname: puki levi
29.11.2021, 16:32:21 - DEBUG - auth.route - new account created: {"username":"puki","password":"$2b$10$2zeR0WY8cSf6goDi4uWNgOg7NGnthbLDZPar8oAr2sTbGOJjRBnpK","fullname":"puki levi","isAdmin":false,"score":0,"_id":"61a4e475372e178fc402f949"}
29.11.2021, 16:32:21 - DEBUG - auth.service - login with username: puki
29.11.2021, 16:32:22 - INFO - Req!!!
29.11.2021, 16:32:22 - INFO - Req!!!
29.11.2021, 16:32:27 - INFO - Req!!!
29.11.2021, 16:32:27 - INFO - Req!!!
29.11.2021, 16:32:29 - INFO - Req!!!
29.11.2021, 16:32:29 - INFO - Req!!!
29.11.2021, 16:34:24 - INFO - Req!!!
29.11.2021, 16:34:24 - INFO - Req!!!
29.11.2021, 16:34:24 - INFO - Req!!!
29.11.2021, 16:34:24 - INFO - Req!!!
29.11.2021, 16:34:28 - INFO - Req!!!
29.11.2021, 16:34:28 - INFO - Req!!!
29.11.2021, 16:34:34 - INFO - Req!!!
29.11.2021, 16:34:34 - INFO - Req!!!
29.11.2021, 16:36:04 - INFO - Req!!!
29.11.2021, 16:36:04 - INFO - Req!!!
29.11.2021, 16:36:08 - INFO - Req!!!
29.11.2021, 16:36:08 - INFO - Req!!!
29.11.2021, 16:36:11 - INFO - Req!!!
29.11.2021, 16:36:11 - INFO - Req!!!
29.11.2021, 16:36:13 - INFO - Req!!!
29.11.2021, 16:36:13 - INFO - Req!!!
29.11.2021, 16:36:15 - INFO - Req!!!
29.11.2021, 16:36:15 - INFO - Req!!!
29.11.2021, 16:36:16 - INFO - Req!!!
29.11.2021, 16:36:16 - INFO - Req!!!
29.11.2021, 16:36:22 - INFO - Req!!!
29.11.2021, 16:36:22 - INFO - Req!!!
29.11.2021, 16:36:30 - INFO - Req!!!
29.11.2021, 16:36:31 - INFO - Req!!!
29.11.2021, 16:36:55 - INFO - Req!!!
29.11.2021, 16:36:55 - INFO - Req!!!
29.11.2021, 16:37:22 - INFO - Req!!!
29.11.2021, 16:37:22 - INFO - Req!!!
29.11.2021, 16:38:25 - INFO - Req!!!
29.11.2021, 16:38:25 - INFO - Req!!!
29.11.2021, 16:38:26 - INFO - Req!!!
29.11.2021, 16:38:26 - INFO - Req!!!
29.11.2021, 16:38:26 - INFO - Req!!!
29.11.2021, 16:38:26 - INFO - Req!!!
29.11.2021, 16:38:29 - INFO - Req!!!
29.11.2021, 16:38:29 - INFO - Req!!!
29.11.2021, 16:38:30 - INFO - Req!!!
29.11.2021, 16:38:30 - INFO - Req!!!
29.11.2021, 16:38:33 - INFO - Req!!!
29.11.2021, 16:38:33 - INFO - Req!!!
29.11.2021, 16:38:40 - INFO - Req!!!
29.11.2021, 16:38:40 - INFO - Req!!!
29.11.2021, 16:38:40 - INFO - Req!!!
29.11.2021, 16:38:40 - INFO - Req!!!
29.11.2021, 16:38:44 - INFO - Req!!!
29.11.2021, 16:38:44 - INFO - Req!!!
29.11.2021, 16:38:45 - INFO - Req!!!
29.11.2021, 16:38:46 - INFO - Req!!!
29.11.2021, 16:38:50 - INFO - Req!!!
29.11.2021, 16:38:51 - INFO - Req!!!
29.11.2021, 16:38:58 - INFO - Req!!!
29.11.2021, 16:38:58 - INFO - Req!!!
29.11.2021, 16:39:07 - DEBUG - auth.service - login with username: koren
29.11.2021, 16:39:07 - INFO - Req!!!
29.11.2021, 16:39:07 - INFO - Req!!!
29.11.2021, 16:39:10 - INFO - Req!!!
29.11.2021, 16:39:10 - INFO - Req!!!
29.11.2021, 16:39:11 - INFO - Req!!!
29.11.2021, 16:39:11 - INFO - Req!!!
29.11.2021, 16:39:12 - INFO - Req!!!
29.11.2021, 16:39:12 - INFO - Req!!!
29.11.2021, 16:39:13 - INFO - Req!!!
29.11.2021, 16:39:13 - INFO - Req!!!
29.11.2021, 16:39:15 - INFO - Req!!!
29.11.2021, 16:39:15 - INFO - Req!!!
29.11.2021, 16:39:17 - INFO - Req!!!
29.11.2021, 16:39:17 - INFO - Req!!!
29.11.2021, 16:39:18 - INFO - Req!!!
29.11.2021, 16:39:18 - INFO - Req!!!
29.11.2021, 16:39:19 - INFO - Req!!!
29.11.2021, 16:39:19 - INFO - Req!!!
29.11.2021, 16:39:49 - INFO - Req!!!
29.11.2021, 16:39:49 - INFO - Req!!!
29.11.2021, 16:39:50 - INFO - Req!!!
29.11.2021, 16:39:50 - INFO - Req!!!
29.11.2021, 16:39:52 - INFO - Req!!!
29.11.2021, 16:39:52 - INFO - Req!!!
29.11.2021, 16:41:31 - INFO - Req!!!
29.11.2021, 16:41:31 - INFO - Req!!!
29.11.2021, 16:41:45 - DEBUG - auth.service - login with username: puki
29.11.2021, 16:41:45 - INFO - Req!!!
29.11.2021, 16:41:46 - INFO - Req!!!
29.11.2021, 16:41:54 - INFO - Req!!!
29.11.2021, 16:41:54 - INFO - Req!!!
29.11.2021, 16:42:18 - INFO - Req!!!
29.11.2021, 16:42:18 - INFO - Req!!!
29.11.2021, 16:42:33 - DEBUG - auth.service - login with username: koren
29.11.2021, 16:42:34 - INFO - Req!!!
29.11.2021, 16:42:34 - INFO - Req!!!
29.11.2021, 16:42:36 - INFO - Req!!!
29.11.2021, 16:42:36 - INFO - Req!!!
29.11.2021, 16:45:26 - INFO - Req!!!
29.11.2021, 16:45:26 - INFO - Req!!!
29.11.2021, 16:45:34 - INFO - Req!!!
29.11.2021, 16:45:34 - INFO - Req!!!
29.11.2021, 16:46:15 - INFO - Req!!!
29.11.2021, 16:46:15 - INFO - Req!!!
29.11.2021, 16:46:37 - INFO - Req!!!
29.11.2021, 16:46:37 - INFO - Req!!!
29.11.2021, 16:46:42 - INFO - Req!!!
29.11.2021, 16:46:43 - INFO - Req!!!
29.11.2021, 16:47:04 - INFO - Req!!!
29.11.2021, 16:47:04 - INFO - Req!!!
29.11.2021, 16:47:57 - INFO - Req!!!
29.11.2021, 16:47:57 - INFO - Req!!!
29.11.2021, 16:51:20 - INFO - Req!!!
29.11.2021, 16:51:20 - INFO - Req!!!
29.11.2021, 16:51:45 - INFO - Req!!!
29.11.2021, 16:51:45 - INFO - Req!!!
29.11.2021, 16:55:41 - INFO - Req!!!
29.11.2021, 16:55:41 - INFO - Req!!!
29.11.2021, 16:56:45 - INFO - Server is running on port: 3000
29.11.2021, 17:27:49 - INFO - Server is running on port: 3000
29.11.2021, 17:27:54 - INFO - Req!!!
29.11.2021, 17:27:55 - INFO - Req!!!
29.11.2021, 17:27:57 - INFO - Req!!!
29.11.2021, 17:27:57 - INFO - Req!!!
29.11.2021, 17:28:06 - INFO - Req!!!
29.11.2021, 17:28:06 - INFO - Req!!!
29.11.2021, 17:28:09 - INFO - Req!!!
29.11.2021, 17:28:10 - INFO - Req!!!
29.11.2021, 17:28:10 - INFO - Req!!!
29.11.2021, 17:28:10 - INFO - Req!!!
29.11.2021, 17:34:32 - DEBUG - auth.service - login with username: puki
29.11.2021, 17:34:32 - INFO - Req!!!
29.11.2021, 17:34:32 - INFO - Req!!!
29.11.2021, 17:34:36 - INFO - Req!!!
29.11.2021, 17:34:36 - INFO - Req!!!
29.11.2021, 17:36:16 - INFO - Req!!!
29.11.2021, 17:36:16 - INFO - Req!!!
29.11.2021, 17:36:26 - INFO - Req!!!
29.11.2021, 17:36:26 - INFO - Req!!!
29.11.2021, 17:39:25 - DEBUG - auth.service - login with username: puki
29.11.2021, 17:39:26 - INFO - Req!!!
29.11.2021, 17:39:26 - INFO - Req!!!
29.11.2021, 17:40:28 - INFO - Req!!!
29.11.2021, 17:40:28 - INFO - Req!!!
29.11.2021, 17:40:30 - INFO - Req!!!
29.11.2021, 17:40:30 - INFO - Req!!!
29.11.2021, 17:40:31 - INFO - Req!!!
29.11.2021, 17:40:31 - INFO - Req!!!
29.11.2021, 17:40:36 - INFO - Req!!!
29.11.2021, 17:40:36 - INFO - Req!!!
29.11.2021, 17:40:42 - DEBUG - auth.service - login with username: puki
29.11.2021, 17:40:43 - INFO - Req!!!
29.11.2021, 17:40:43 - INFO - Req!!!
29.11.2021, 17:41:28 - INFO - Req!!!
29.11.2021, 17:41:28 - INFO - Req!!!
29.11.2021, 17:41:47 - INFO - Req!!!
29.11.2021, 17:41:47 - INFO - Req!!!
29.11.2021, 17:41:56 - DEBUG - auth.service - login with username: koren
29.11.2021, 17:41:56 - INFO - Req!!!
29.11.2021, 17:41:56 - INFO - Req!!!
29.11.2021, 17:42:00 - INFO - Req!!!
29.11.2021, 17:42:00 - INFO - Req!!!
29.11.2021, 17:42:52 - INFO - Req!!!
29.11.2021, 17:42:52 - INFO - Req!!!
29.11.2021, 17:42:53 - INFO - Req!!!
29.11.2021, 17:42:53 - INFO - Req!!!
29.11.2021, 17:42:56 - INFO - Req!!!
29.11.2021, 17:42:56 - INFO - Req!!!
29.11.2021, 17:42:57 - INFO - Req!!!
29.11.2021, 17:42:57 - INFO - Req!!!
29.11.2021, 17:48:31 - INFO - Req!!!
29.11.2021, 17:48:31 - INFO - Req!!!
29.11.2021, 17:55:53 - INFO - Req!!!
29.11.2021, 17:55:53 - INFO - Req!!!
29.11.2021, 17:55:55 - INFO - Req!!!
29.11.2021, 17:55:55 - INFO - Req!!!
29.11.2021, 17:56:06 - DEBUG - auth.service - login with username: koren
29.11.2021, 17:56:06 - INFO - Req!!!
29.11.2021, 17:56:07 - INFO - Req!!!
29.11.2021, 17:56:49 - DEBUG - auth.service - login with username: koren
29.11.2021, 17:56:49 - INFO - Req!!!
29.11.2021, 17:56:49 - INFO - Req!!!
29.11.2021, 18:09:26 - INFO - Req!!!
29.11.2021, 18:09:26 - INFO - Req!!!
29.11.2021, 18:09:28 - INFO - Req!!!
29.11.2021, 18:09:28 - INFO - Req!!!
29.11.2021, 18:15:33 - INFO - Req!!!
29.11.2021, 18:15:33 - INFO - Req!!!
29.11.2021, 18:50:11 - DEBUG - auth.service - login with username: koren
29.11.2021, 18:50:11 - INFO - Req!!!
29.11.2021, 18:50:11 - INFO - Req!!!
29.11.2021, 18:50:14 - INFO - Req!!!
29.11.2021, 18:50:14 - INFO - Req!!!
29.11.2021, 18:50:50 - INFO - Req!!!
29.11.2021, 18:50:50 - INFO - Req!!!
29.11.2021, 18:50:57 - INFO - Req!!!
29.11.2021, 18:50:57 - INFO - Req!!!
29.11.2021, 18:50:58 - INFO - Req!!!
29.11.2021, 18:50:59 - INFO - Req!!!
29.11.2021, 18:51:01 - INFO - Req!!!
29.11.2021, 18:51:01 - INFO - Req!!!
29.11.2021, 18:51:15 - DEBUG - auth.service - login with username: koren
29.11.2021, 18:51:15 - INFO - Req!!!
29.11.2021, 18:51:15 - INFO - Req!!!
29.11.2021, 18:51:46 - INFO - Req!!!
29.11.2021, 18:51:46 - INFO - Req!!!
29.11.2021, 18:53:02 - INFO - Req!!!
29.11.2021, 18:53:02 - INFO - Req!!!
29.11.2021, 18:53:20 - DEBUG - auth.service - login with username: koren
29.11.2021, 18:53:20 - DEBUG - auth.service - login with username: koren
29.11.2021, 18:53:21 - INFO - Req!!!
29.11.2021, 18:53:21 - INFO - Req!!!
29.11.2021, 18:56:15 - DEBUG - auth.service - login with username: koren
29.11.2021, 18:56:16 - INFO - Req!!!
29.11.2021, 18:56:16 - INFO - Req!!!
29.11.2021, 21:57:12 - DEBUG - auth.service - login with username: koren
29.11.2021, 21:57:12 - ERROR - Failed to Login Invalid username or password pass
29.11.2021, 21:57:31 - DEBUG - auth.service - login with username: koren
29.11.2021, 21:57:31 - INFO - Req!!!
29.11.2021, 21:57:32 - INFO - Req!!!
29.11.2021, 21:57:57 - INFO - Req!!!
29.11.2021, 21:57:57 - INFO - Req!!!
29.11.2021, 21:57:59 - INFO - Req!!!
29.11.2021, 21:57:59 - INFO - Req!!!
29.11.2021, 21:58:00 - INFO - Req!!!
29.11.2021, 21:58:00 - INFO - Req!!!
29.11.2021, 21:58:07 - DEBUG - auth.service - login with username: koren
29.11.2021, 21:58:07 - INFO - Req!!!
29.11.2021, 21:58:07 - INFO - Req!!!
29.11.2021, 21:58:11 - INFO - Req!!!
29.11.2021, 21:58:11 - INFO - Req!!!
29.11.2021, 21:58:19 - DEBUG - auth.service - login with username: puki
29.11.2021, 21:58:19 - INFO - Req!!!
29.11.2021, 21:58:19 - INFO - Req!!!
29.11.2021, 21:58:22 - INFO - Req!!!
29.11.2021, 21:58:22 - INFO - Req!!!
30.11.2021, 22:40:57 - INFO - Server is running on port: 3000
